# bin_edge_left	bin_edge_right	dN/d[mg/H]	dN/d[fe/H]	dN/d[o/H]	dN/d[fe/mg]	dN/d[o/mg]	dN/d[o/fe]	
-3.000000e+00	-2.990000e+00	0.000000e+00	0.000000e+00	0.000000e+00	0.000000e+00	0.000000e+00	0.000000e+00	
-2.990000e+00	-2.980000e+00	0.000000e+00	0.000000e+00	0.000000e+00	0.000000e+00	0.000000e+00	0.000000e+00	
-2.980000e+00	-2.970000e+00	0.000000e+00	0.000000e+00	0.000000e+00	0.000000e+00	0.000000e+00	0.000000e+00	
-2.970000e+00	-2.960000e+00	0.000000e+00	0.000000e+00	0.000000e+00	0.000000e+00	0.000000e+00	0.000000e+00	
-2.960000e+00	-2.950000e+00	0.000000e+00	0.000000e+00	0.000000e+00	0.000000e+00	0.000000e+00	0.000000e+00	
-2.950000e+00	-2.940000e+00	0.000000e+00	0.000000e+00	0.000000e+00	0.000000e+00	0.000000e+00	0.000000e+00	
-2.940000e+00	-2.930000e+00	0.000000e+00	0.000000e+00	0.000000e+00	0.000000e+00	0.000000e+00	0.000000e+00	
-2.930000e+00	-2.920000e+00	0.000000e+00	0.000000e+00	0.000000e+00	0.000000e+00	0.000000e+00	0.000000e+00	
-2.920000e+00	-2.910000e+00	0.000000e+00	0.000000e+00	0.000000e+00	0.000000e+00	0.000000e+00	0.000000e+00	
-2.910000e+00	-2.900000e+00	0.000000e+00	0.000000e+00	0.000000e+00	0.000000e+00	0.000000e+00	0.000000e+00	
-2.900000e+00	-2.890000e+00	0.000000e+00	0.000000e+00	0.000000e+00	0.000000e+00	0.000000e+00	0.000000e+00	
-2.890000e+00	-2.880000e+00	0.000000e+00	0.000000e+00	0.000000e+00	0.000000e+00	0.000000e+00	0.000000e+00	
-2.880000e+00	-2.870000e+00	0.000000e+00	0.000000e+00	0.000000e+00	0.000000e+00	0.000000e+00	0.000000e+00	
-2.870000e+00	-2.860000e+00	0.000000e+00	0.000000e+00	0.000000e+00	0.000000e+00	0.000000e+00	0.000000e+00	
-2.860000e+00	-2.850000e+00	0.000000e+00	0.000000e+00	0.000000e+00	0.000000e+00	0.000000e+00	0.000000e+00	
-2.850000e+00	-2.840000e+00	0.000000e+00	0.000000e+00	0.000000e+00	0.000000e+00	0.000000e+00	0.000000e+00	
-2.840000e+00	-2.830000e+00	0.000000e+00	0.000000e+00	0.000000e+00	0.000000e+00	0.000000e+00	0.000000e+00	
-2.830000e+00	-2.820000e+00	0.000000e+00	0.000000e+00	0.000000e+00	0.000000e+00	0.000000e+00	0.000000e+00	
-2.820000e+00	-2.810000e+00	0.000000e+00	0.000000e+00	0.000000e+00	0.000000e+00	0.000000e+00	0.000000e+00	
-2.810000e+00	-2.800000e+00	0.000000e+00	0.000000e+00	0.000000e+00	0.000000e+00	0.000000e+00	0.000000e+00	
-2.800000e+00	-2.790000e+00	0.000000e+00	0.000000e+00	0.000000e+00	0.000000e+00	0.000000e+00	0.000000e+00	
-2.790000e+00	-2.780000e+00	0.000000e+00	0.000000e+00	0.000000e+00	0.000000e+00	0.000000e+00	0.000000e+00	
-2.780000e+00	-2.770000e+00	0.000000e+00	0.000000e+00	0.000000e+00	0.000000e+00	0.000000e+00	0.000000e+00	
-2.770000e+00	-2.760000e+00	0.000000e+00	0.000000e+00	0.000000e+00	0.000000e+00	0.000000e+00	0.000000e+00	
-2.760000e+00	-2.750000e+00	0.000000e+00	0.000000e+00	0.000000e+00	0.000000e+00	0.000000e+00	0.000000e+00	
-2.750000e+00	-2.740000e+00	0.000000e+00	0.000000e+00	0.000000e+00	0.000000e+00	0.000000e+00	0.000000e+00	
-2.740000e+00	-2.730000e+00	0.000000e+00	0.000000e+00	0.000000e+00	0.000000e+00	0.000000e+00	0.000000e+00	
-2.730000e+00	-2.720000e+00	0.000000e+00	0.000000e+00	0.000000e+00	0.000000e+00	0.000000e+00	0.000000e+00	
-2.720000e+00	-2.710000e+00	0.000000e+00	0.000000e+00	0.000000e+00	0.000000e+00	0.000000e+00	0.000000e+00	
-2.710000e+00	-2.700000e+00	0.000000e+00	0.000000e+00	0.000000e+00	0.000000e+00	0.000000e+00	0.000000e+00	
-2.700000e+00	-2.690000e+00	0.000000e+00	0.000000e+00	0.000000e+00	0.000000e+00	0.000000e+00	0.000000e+00	
-2.690000e+00	-2.680000e+00	0.000000e+00	0.000000e+00	0.000000e+00	0.000000e+00	0.000000e+00	0.000000e+00	
-2.680000e+00	-2.670000e+00	0.000000e+00	0.000000e+00	0.000000e+00	0.000000e+00	0.000000e+00	0.000000e+00	
-2.670000e+00	-2.660000e+00	0.000000e+00	0.000000e+00	0.000000e+00	0.000000e+00	0.000000e+00	0.000000e+00	
-2.660000e+00	-2.650000e+00	0.000000e+00	0.000000e+00	0.000000e+00	0.000000e+00	0.000000e+00	0.000000e+00	
-2.650000e+00	-2.640000e+00	0.000000e+00	0.000000e+00	0.000000e+00	0.000000e+00	0.000000e+00	0.000000e+00	
-2.640000e+00	-2.630000e+00	0.000000e+00	0.000000e+00	0.000000e+00	0.000000e+00	0.000000e+00	0.000000e+00	
-2.630000e+00	-2.620000e+00	0.000000e+00	0.000000e+00	0.000000e+00	0.000000e+00	0.000000e+00	0.000000e+00	
-2.620000e+00	-2.610000e+00	0.000000e+00	0.000000e+00	0.000000e+00	0.000000e+00	0.000000e+00	0.000000e+00	
-2.610000e+00	-2.600000e+00	0.000000e+00	0.000000e+00	0.000000e+00	0.000000e+00	0.000000e+00	0.000000e+00	
-2.600000e+00	-2.590000e+00	0.000000e+00	0.000000e+00	0.000000e+00	0.000000e+00	0.000000e+00	0.000000e+00	
-2.590000e+00	-2.580000e+00	0.000000e+00	0.000000e+00	0.000000e+00	0.000000e+00	0.000000e+00	0.000000e+00	
-2.580000e+00	-2.570000e+00	0.000000e+00	0.000000e+00	0.000000e+00	0.000000e+00	0.000000e+00	0.000000e+00	
-2.570000e+00	-2.560000e+00	0.000000e+00	0.000000e+00	0.000000e+00	0.000000e+00	0.000000e+00	0.000000e+00	
-2.560000e+00	-2.550000e+00	0.000000e+00	0.000000e+00	0.000000e+00	0.000000e+00	0.000000e+00	0.000000e+00	
-2.550000e+00	-2.540000e+00	0.000000e+00	0.000000e+00	0.000000e+00	0.000000e+00	0.000000e+00	0.000000e+00	
-2.540000e+00	-2.530000e+00	0.000000e+00	0.000000e+00	0.000000e+00	0.000000e+00	0.000000e+00	0.000000e+00	
-2.530000e+00	-2.520000e+00	0.000000e+00	0.000000e+00	0.000000e+00	0.000000e+00	0.000000e+00	0.000000e+00	
-2.520000e+00	-2.510000e+00	0.000000e+00	0.000000e+00	0.000000e+00	0.000000e+00	0.000000e+00	0.000000e+00	
-2.510000e+00	-2.500000e+00	0.000000e+00	0.000000e+00	0.000000e+00	0.000000e+00	0.000000e+00	0.000000e+00	
-2.500000e+00	-2.490000e+00	0.000000e+00	0.000000e+00	0.000000e+00	0.000000e+00	0.000000e+00	0.000000e+00	
-2.490000e+00	-2.480000e+00	0.000000e+00	0.000000e+00	0.000000e+00	0.000000e+00	0.000000e+00	0.000000e+00	
-2.480000e+00	-2.470000e+00	0.000000e+00	0.000000e+00	0.000000e+00	0.000000e+00	0.000000e+00	0.000000e+00	
-2.470000e+00	-2.460000e+00	0.000000e+00	0.000000e+00	0.000000e+00	0.000000e+00	0.000000e+00	0.000000e+00	
-2.460000e+00	-2.450000e+00	0.000000e+00	0.000000e+00	0.000000e+00	0.000000e+00	0.000000e+00	0.000000e+00	
-2.450000e+00	-2.440000e+00	0.000000e+00	0.000000e+00	0.000000e+00	0.000000e+00	0.000000e+00	0.000000e+00	
-2.440000e+00	-2.430000e+00	0.000000e+00	0.000000e+00	0.000000e+00	0.000000e+00	0.000000e+00	0.000000e+00	
-2.430000e+00	-2.420000e+00	0.000000e+00	0.000000e+00	0.000000e+00	0.000000e+00	0.000000e+00	0.000000e+00	
-2.420000e+00	-2.410000e+00	0.000000e+00	0.000000e+00	0.000000e+00	0.000000e+00	0.000000e+00	0.000000e+00	
-2.410000e+00	-2.400000e+00	0.000000e+00	0.000000e+00	0.000000e+00	0.000000e+00	0.000000e+00	0.000000e+00	
-2.400000e+00	-2.390000e+00	0.000000e+00	0.000000e+00	0.000000e+00	0.000000e+00	0.000000e+00	0.000000e+00	
-2.390000e+00	-2.380000e+00	0.000000e+00	0.000000e+00	0.000000e+00	0.000000e+00	0.000000e+00	0.000000e+00	
-2.380000e+00	-2.370000e+00	0.000000e+00	0.000000e+00	0.000000e+00	0.000000e+00	0.000000e+00	0.000000e+00	
-2.370000e+00	-2.360000e+00	0.000000e+00	0.000000e+00	0.000000e+00	0.000000e+00	0.000000e+00	0.000000e+00	
-2.360000e+00	-2.350000e+00	0.000000e+00	0.000000e+00	0.000000e+00	0.000000e+00	0.000000e+00	0.000000e+00	
-2.350000e+00	-2.340000e+00	0.000000e+00	0.000000e+00	0.000000e+00	0.000000e+00	0.000000e+00	0.000000e+00	
-2.340000e+00	-2.330000e+00	0.000000e+00	0.000000e+00	0.000000e+00	0.000000e+00	0.000000e+00	0.000000e+00	
-2.330000e+00	-2.320000e+00	0.000000e+00	0.000000e+00	0.000000e+00	0.000000e+00	0.000000e+00	0.000000e+00	
-2.320000e+00	-2.310000e+00	0.000000e+00	0.000000e+00	0.000000e+00	0.000000e+00	0.000000e+00	0.000000e+00	
-2.310000e+00	-2.300000e+00	0.000000e+00	0.000000e+00	0.000000e+00	0.000000e+00	0.000000e+00	0.000000e+00	
-2.300000e+00	-2.290000e+00	0.000000e+00	0.000000e+00	0.000000e+00	0.000000e+00	0.000000e+00	0.000000e+00	
-2.290000e+00	-2.280000e+00	0.000000e+00	0.000000e+00	0.000000e+00	0.000000e+00	0.000000e+00	0.000000e+00	
-2.280000e+00	-2.270000e+00	0.000000e+00	0.000000e+00	0.000000e+00	0.000000e+00	0.000000e+00	0.000000e+00	
-2.270000e+00	-2.260000e+00	0.000000e+00	0.000000e+00	0.000000e+00	0.000000e+00	0.000000e+00	0.000000e+00	
-2.260000e+00	-2.250000e+00	0.000000e+00	0.000000e+00	0.000000e+00	0.000000e+00	0.000000e+00	0.000000e+00	
-2.250000e+00	-2.240000e+00	0.000000e+00	0.000000e+00	0.000000e+00	0.000000e+00	0.000000e+00	0.000000e+00	
-2.240000e+00	-2.230000e+00	0.000000e+00	0.000000e+00	0.000000e+00	0.000000e+00	0.000000e+00	0.000000e+00	
-2.230000e+00	-2.220000e+00	0.000000e+00	0.000000e+00	0.000000e+00	0.000000e+00	0.000000e+00	0.000000e+00	
-2.220000e+00	-2.210000e+00	0.000000e+00	0.000000e+00	0.000000e+00	0.000000e+00	0.000000e+00	0.000000e+00	
-2.210000e+00	-2.200000e+00	0.000000e+00	0.000000e+00	0.000000e+00	0.000000e+00	0.000000e+00	0.000000e+00	
-2.200000e+00	-2.190000e+00	0.000000e+00	0.000000e+00	0.000000e+00	0.000000e+00	0.000000e+00	0.000000e+00	
-2.190000e+00	-2.180000e+00	0.000000e+00	0.000000e+00	0.000000e+00	0.000000e+00	0.000000e+00	0.000000e+00	
-2.180000e+00	-2.170000e+00	0.000000e+00	0.000000e+00	0.000000e+00	0.000000e+00	0.000000e+00	0.000000e+00	
-2.170000e+00	-2.160000e+00	0.000000e+00	0.000000e+00	0.000000e+00	0.000000e+00	0.000000e+00	0.000000e+00	
-2.160000e+00	-2.150000e+00	0.000000e+00	0.000000e+00	0.000000e+00	0.000000e+00	0.000000e+00	0.000000e+00	
-2.150000e+00	-2.140000e+00	0.000000e+00	0.000000e+00	0.000000e+00	0.000000e+00	0.000000e+00	0.000000e+00	
-2.140000e+00	-2.130000e+00	0.000000e+00	0.000000e+00	0.000000e+00	0.000000e+00	0.000000e+00	0.000000e+00	
-2.130000e+00	-2.120000e+00	0.000000e+00	0.000000e+00	0.000000e+00	0.000000e+00	0.000000e+00	0.000000e+00	
-2.120000e+00	-2.110000e+00	0.000000e+00	0.000000e+00	0.000000e+00	0.000000e+00	0.000000e+00	0.000000e+00	
-2.110000e+00	-2.100000e+00	0.000000e+00	0.000000e+00	0.000000e+00	0.000000e+00	0.000000e+00	0.000000e+00	
-2.100000e+00	-2.090000e+00	0.000000e+00	0.000000e+00	0.000000e+00	0.000000e+00	0.000000e+00	0.000000e+00	
-2.090000e+00	-2.080000e+00	0.000000e+00	0.000000e+00	0.000000e+00	0.000000e+00	0.000000e+00	0.000000e+00	
-2.080000e+00	-2.070000e+00	0.000000e+00	0.000000e+00	0.000000e+00	0.000000e+00	0.000000e+00	0.000000e+00	
-2.070000e+00	-2.060000e+00	0.000000e+00	0.000000e+00	0.000000e+00	0.000000e+00	0.000000e+00	0.000000e+00	
-2.060000e+00	-2.050000e+00	0.000000e+00	0.000000e+00	0.000000e+00	0.000000e+00	0.000000e+00	0.000000e+00	
-2.050000e+00	-2.040000e+00	0.000000e+00	1.468556e-01	0.000000e+00	0.000000e+00	0.000000e+00	0.000000e+00	
-2.040000e+00	-2.030000e+00	0.000000e+00	0.000000e+00	0.000000e+00	0.000000e+00	0.000000e+00	0.000000e+00	
-2.030000e+00	-2.020000e+00	0.000000e+00	0.000000e+00	0.000000e+00	0.000000e+00	0.000000e+00	0.000000e+00	
-2.020000e+00	-2.010000e+00	0.000000e+00	0.000000e+00	0.000000e+00	0.000000e+00	0.000000e+00	0.000000e+00	
-2.010000e+00	-2.000000e+00	0.000000e+00	0.000000e+00	0.000000e+00	0.000000e+00	0.000000e+00	0.000000e+00	
-2.000000e+00	-1.990000e+00	0.000000e+00	0.000000e+00	0.000000e+00	0.000000e+00	0.000000e+00	0.000000e+00	
-1.990000e+00	-1.980000e+00	0.000000e+00	0.000000e+00	0.000000e+00	0.000000e+00	0.000000e+00	0.000000e+00	
-1.980000e+00	-1.970000e+00	0.000000e+00	0.000000e+00	0.000000e+00	0.000000e+00	0.000000e+00	0.000000e+00	
-1.970000e+00	-1.960000e+00	0.000000e+00	0.000000e+00	0.000000e+00	0.000000e+00	0.000000e+00	0.000000e+00	
-1.960000e+00	-1.950000e+00	0.000000e+00	0.000000e+00	0.000000e+00	0.000000e+00	0.000000e+00	0.000000e+00	
-1.950000e+00	-1.940000e+00	0.000000e+00	0.000000e+00	0.000000e+00	0.000000e+00	0.000000e+00	0.000000e+00	
-1.940000e+00	-1.930000e+00	0.000000e+00	0.000000e+00	0.000000e+00	0.000000e+00	0.000000e+00	0.000000e+00	
-1.930000e+00	-1.920000e+00	0.000000e+00	0.000000e+00	0.000000e+00	0.000000e+00	0.000000e+00	0.000000e+00	
-1.920000e+00	-1.910000e+00	0.000000e+00	0.000000e+00	0.000000e+00	0.000000e+00	0.000000e+00	0.000000e+00	
-1.910000e+00	-1.900000e+00	0.000000e+00	0.000000e+00	0.000000e+00	0.000000e+00	0.000000e+00	0.000000e+00	
-1.900000e+00	-1.890000e+00	0.000000e+00	0.000000e+00	0.000000e+00	0.000000e+00	0.000000e+00	0.000000e+00	
-1.890000e+00	-1.880000e+00	0.000000e+00	0.000000e+00	0.000000e+00	0.000000e+00	0.000000e+00	0.000000e+00	
-1.880000e+00	-1.870000e+00	0.000000e+00	0.000000e+00	0.000000e+00	0.000000e+00	0.000000e+00	0.000000e+00	
-1.870000e+00	-1.860000e+00	1.468556e-01	0.000000e+00	0.000000e+00	0.000000e+00	0.000000e+00	0.000000e+00	
-1.860000e+00	-1.850000e+00	0.000000e+00	0.000000e+00	0.000000e+00	0.000000e+00	0.000000e+00	0.000000e+00	
-1.850000e+00	-1.840000e+00	0.000000e+00	0.000000e+00	0.000000e+00	0.000000e+00	0.000000e+00	0.000000e+00	
-1.840000e+00	-1.830000e+00	0.000000e+00	0.000000e+00	0.000000e+00	0.000000e+00	0.000000e+00	0.000000e+00	
-1.830000e+00	-1.820000e+00	0.000000e+00	0.000000e+00	0.000000e+00	0.000000e+00	0.000000e+00	0.000000e+00	
-1.820000e+00	-1.810000e+00	0.000000e+00	0.000000e+00	0.000000e+00	0.000000e+00	0.000000e+00	0.000000e+00	
-1.810000e+00	-1.800000e+00	0.000000e+00	0.000000e+00	0.000000e+00	0.000000e+00	0.000000e+00	0.000000e+00	
-1.800000e+00	-1.790000e+00	0.000000e+00	0.000000e+00	0.000000e+00	0.000000e+00	0.000000e+00	0.000000e+00	
-1.790000e+00	-1.780000e+00	0.000000e+00	0.000000e+00	0.000000e+00	0.000000e+00	0.000000e+00	0.000000e+00	
-1.780000e+00	-1.770000e+00	0.000000e+00	0.000000e+00	0.000000e+00	0.000000e+00	0.000000e+00	0.000000e+00	
-1.770000e+00	-1.760000e+00	0.000000e+00	0.000000e+00	0.000000e+00	0.000000e+00	0.000000e+00	0.000000e+00	
-1.760000e+00	-1.750000e+00	0.000000e+00	1.468556e-01	0.000000e+00	0.000000e+00	0.000000e+00	0.000000e+00	
-1.750000e+00	-1.740000e+00	0.000000e+00	0.000000e+00	0.000000e+00	0.000000e+00	0.000000e+00	0.000000e+00	
-1.740000e+00	-1.730000e+00	0.000000e+00	0.000000e+00	0.000000e+00	0.000000e+00	0.000000e+00	0.000000e+00	
-1.730000e+00	-1.720000e+00	0.000000e+00	0.000000e+00	0.000000e+00	0.000000e+00	0.000000e+00	0.000000e+00	
-1.720000e+00	-1.710000e+00	0.000000e+00	0.000000e+00	0.000000e+00	0.000000e+00	0.000000e+00	0.000000e+00	
-1.710000e+00	-1.700000e+00	0.000000e+00	0.000000e+00	0.000000e+00	0.000000e+00	0.000000e+00	0.000000e+00	
-1.700000e+00	-1.690000e+00	0.000000e+00	0.000000e+00	0.000000e+00	0.000000e+00	0.000000e+00	0.000000e+00	
-1.690000e+00	-1.680000e+00	0.000000e+00	0.000000e+00	0.000000e+00	0.000000e+00	0.000000e+00	0.000000e+00	
-1.680000e+00	-1.670000e+00	0.000000e+00	0.000000e+00	0.000000e+00	0.000000e+00	0.000000e+00	0.000000e+00	
-1.670000e+00	-1.660000e+00	0.000000e+00	0.000000e+00	0.000000e+00	0.000000e+00	0.000000e+00	0.000000e+00	
-1.660000e+00	-1.650000e+00	0.000000e+00	0.000000e+00	0.000000e+00	0.000000e+00	0.000000e+00	0.000000e+00	
-1.650000e+00	-1.640000e+00	0.000000e+00	0.000000e+00	0.000000e+00	0.000000e+00	0.000000e+00	0.000000e+00	
-1.640000e+00	-1.630000e+00	0.000000e+00	0.000000e+00	0.000000e+00	0.000000e+00	0.000000e+00	0.000000e+00	
-1.630000e+00	-1.620000e+00	0.000000e+00	0.000000e+00	0.000000e+00	0.000000e+00	0.000000e+00	0.000000e+00	
-1.620000e+00	-1.610000e+00	0.000000e+00	0.000000e+00	0.000000e+00	0.000000e+00	0.000000e+00	0.000000e+00	
-1.610000e+00	-1.600000e+00	0.000000e+00	0.000000e+00	0.000000e+00	0.000000e+00	0.000000e+00	0.000000e+00	
-1.600000e+00	-1.590000e+00	0.000000e+00	0.000000e+00	1.468556e-01	0.000000e+00	0.000000e+00	0.000000e+00	
-1.590000e+00	-1.580000e+00	0.000000e+00	1.468556e-01	0.000000e+00	0.000000e+00	0.000000e+00	0.000000e+00	
-1.580000e+00	-1.570000e+00	1.468556e-01	0.000000e+00	0.000000e+00	0.000000e+00	0.000000e+00	0.000000e+00	
-1.570000e+00	-1.560000e+00	0.000000e+00	0.000000e+00	0.000000e+00	0.000000e+00	0.000000e+00	0.000000e+00	
-1.560000e+00	-1.550000e+00	0.000000e+00	0.000000e+00	0.000000e+00	0.000000e+00	0.000000e+00	0.000000e+00	
-1.550000e+00	-1.540000e+00	0.000000e+00	0.000000e+00	0.000000e+00	0.000000e+00	0.000000e+00	0.000000e+00	
-1.540000e+00	-1.530000e+00	0.000000e+00	0.000000e+00	0.000000e+00	0.000000e+00	0.000000e+00	0.000000e+00	
-1.530000e+00	-1.520000e+00	0.000000e+00	0.000000e+00	0.000000e+00	0.000000e+00	0.000000e+00	0.000000e+00	
-1.520000e+00	-1.510000e+00	0.000000e+00	0.000000e+00	0.000000e+00	0.000000e+00	0.000000e+00	0.000000e+00	
-1.510000e+00	-1.500000e+00	0.000000e+00	0.000000e+00	0.000000e+00	0.000000e+00	0.000000e+00	0.000000e+00	
-1.500000e+00	-1.490000e+00	0.000000e+00	0.000000e+00	0.000000e+00	0.000000e+00	0.000000e+00	0.000000e+00	
-1.490000e+00	-1.480000e+00	0.000000e+00	0.000000e+00	0.000000e+00	0.000000e+00	0.000000e+00	0.000000e+00	
-1.480000e+00	-1.470000e+00	0.000000e+00	0.000000e+00	0.000000e+00	0.000000e+00	0.000000e+00	0.000000e+00	
-1.470000e+00	-1.460000e+00	0.000000e+00	1.468556e-01	0.000000e+00	0.000000e+00	0.000000e+00	0.000000e+00	
-1.460000e+00	-1.450000e+00	0.000000e+00	0.000000e+00	0.000000e+00	0.000000e+00	0.000000e+00	0.000000e+00	
-1.450000e+00	-1.440000e+00	0.000000e+00	0.000000e+00	0.000000e+00	0.000000e+00	0.000000e+00	0.000000e+00	
-1.440000e+00	-1.430000e+00	0.000000e+00	0.000000e+00	0.000000e+00	0.000000e+00	0.000000e+00	0.000000e+00	
-1.430000e+00	-1.420000e+00	0.000000e+00	0.000000e+00	0.000000e+00	0.000000e+00	0.000000e+00	0.000000e+00	
-1.420000e+00	-1.410000e+00	0.000000e+00	0.000000e+00	0.000000e+00	0.000000e+00	0.000000e+00	0.000000e+00	
-1.410000e+00	-1.400000e+00	1.468556e-01	0.000000e+00	0.000000e+00	0.000000e+00	0.000000e+00	0.000000e+00	
-1.400000e+00	-1.390000e+00	0.000000e+00	0.000000e+00	0.000000e+00	0.000000e+00	0.000000e+00	0.000000e+00	
-1.390000e+00	-1.380000e+00	0.000000e+00	0.000000e+00	0.000000e+00	0.000000e+00	0.000000e+00	0.000000e+00	
-1.380000e+00	-1.370000e+00	0.000000e+00	1.468556e-01	0.000000e+00	0.000000e+00	0.000000e+00	0.000000e+00	
-1.370000e+00	-1.360000e+00	0.000000e+00	0.000000e+00	0.000000e+00	0.000000e+00	0.000000e+00	0.000000e+00	
-1.360000e+00	-1.350000e+00	0.000000e+00	0.000000e+00	0.000000e+00	0.000000e+00	0.000000e+00	0.000000e+00	
-1.350000e+00	-1.340000e+00	0.000000e+00	0.000000e+00	0.000000e+00	0.000000e+00	0.000000e+00	0.000000e+00	
-1.340000e+00	-1.330000e+00	0.000000e+00	0.000000e+00	0.000000e+00	0.000000e+00	0.000000e+00	0.000000e+00	
-1.330000e+00	-1.320000e+00	0.000000e+00	0.000000e+00	0.000000e+00	0.000000e+00	0.000000e+00	0.000000e+00	
-1.320000e+00	-1.310000e+00	0.000000e+00	0.000000e+00	0.000000e+00	0.000000e+00	0.000000e+00	0.000000e+00	
-1.310000e+00	-1.300000e+00	0.000000e+00	1.468556e-01	1.468556e-01	0.000000e+00	0.000000e+00	0.000000e+00	
-1.300000e+00	-1.290000e+00	0.000000e+00	0.000000e+00	0.000000e+00	0.000000e+00	0.000000e+00	0.000000e+00	
-1.290000e+00	-1.280000e+00	1.468556e-01	0.000000e+00	0.000000e+00	0.000000e+00	0.000000e+00	0.000000e+00	
-1.280000e+00	-1.270000e+00	0.000000e+00	0.000000e+00	0.000000e+00	0.000000e+00	0.000000e+00	0.000000e+00	
-1.270000e+00	-1.260000e+00	0.000000e+00	0.000000e+00	0.000000e+00	0.000000e+00	0.000000e+00	0.000000e+00	
-1.260000e+00	-1.250000e+00	0.000000e+00	0.000000e+00	0.000000e+00	0.000000e+00	0.000000e+00	0.000000e+00	
-1.250000e+00	-1.240000e+00	0.000000e+00	1.468556e-01	0.000000e+00	0.000000e+00	0.000000e+00	0.000000e+00	
-1.240000e+00	-1.230000e+00	0.000000e+00	0.000000e+00	0.000000e+00	0.000000e+00	0.000000e+00	0.000000e+00	
-1.230000e+00	-1.220000e+00	0.000000e+00	0.000000e+00	0.000000e+00	0.000000e+00	0.000000e+00	0.000000e+00	
-1.220000e+00	-1.210000e+00	0.000000e+00	0.000000e+00	0.000000e+00	0.000000e+00	0.000000e+00	0.000000e+00	
-1.210000e+00	-1.200000e+00	0.000000e+00	0.000000e+00	0.000000e+00	0.000000e+00	0.000000e+00	0.000000e+00	
-1.200000e+00	-1.190000e+00	1.468556e-01	1.468556e-01	0.000000e+00	0.000000e+00	0.000000e+00	0.000000e+00	
-1.190000e+00	-1.180000e+00	0.000000e+00	0.000000e+00	0.000000e+00	0.000000e+00	0.000000e+00	0.000000e+00	
-1.180000e+00	-1.170000e+00	0.000000e+00	0.000000e+00	0.000000e+00	0.000000e+00	0.000000e+00	0.000000e+00	
-1.170000e+00	-1.160000e+00	0.000000e+00	0.000000e+00	0.000000e+00	0.000000e+00	0.000000e+00	0.000000e+00	
-1.160000e+00	-1.150000e+00	0.000000e+00	1.468556e-01	0.000000e+00	0.000000e+00	0.000000e+00	0.000000e+00	
-1.150000e+00	-1.140000e+00	0.000000e+00	0.000000e+00	0.000000e+00	0.000000e+00	0.000000e+00	0.000000e+00	
-1.140000e+00	-1.130000e+00	0.000000e+00	0.000000e+00	1.468556e-01	0.000000e+00	0.000000e+00	0.000000e+00	
-1.130000e+00	-1.120000e+00	1.468556e-01	0.000000e+00	0.000000e+00	0.000000e+00	0.000000e+00	0.000000e+00	
-1.120000e+00	-1.110000e+00	0.000000e+00	0.000000e+00	0.000000e+00	0.000000e+00	0.000000e+00	0.000000e+00	
-1.110000e+00	-1.100000e+00	0.000000e+00	1.468556e-01	0.000000e+00	0.000000e+00	0.000000e+00	0.000000e+00	
-1.100000e+00	-1.090000e+00	0.000000e+00	0.000000e+00	0.000000e+00	0.000000e+00	0.000000e+00	0.000000e+00	
-1.090000e+00	-1.080000e+00	0.000000e+00	0.000000e+00	0.000000e+00	0.000000e+00	0.000000e+00	0.000000e+00	
-1.080000e+00	-1.070000e+00	0.000000e+00	0.000000e+00	0.000000e+00	0.000000e+00	0.000000e+00	0.000000e+00	
-1.070000e+00	-1.060000e+00	1.468556e-01	1.468556e-01	0.000000e+00	0.000000e+00	0.000000e+00	0.000000e+00	
-1.060000e+00	-1.050000e+00	0.000000e+00	0.000000e+00	0.000000e+00	0.000000e+00	0.000000e+00	0.000000e+00	
-1.050000e+00	-1.040000e+00	0.000000e+00	0.000000e+00	0.000000e+00	0.000000e+00	0.000000e+00	0.000000e+00	
-1.040000e+00	-1.030000e+00	0.000000e+00	1.468556e-01	0.000000e+00	0.000000e+00	0.000000e+00	0.000000e+00	
-1.030000e+00	-1.020000e+00	2.450664e-02	0.000000e+00	0.000000e+00	0.000000e+00	0.000000e+00	0.000000e+00	
-1.020000e+00	-1.010000e+00	1.992621e-01	0.000000e+00	1.468556e-01	0.000000e+00	0.000000e+00	0.000000e+00	
-1.010000e+00	-1.000000e+00	2.800968e-02	1.468556e-01	0.000000e+00	0.000000e+00	0.000000e+00	0.000000e+00	
-1.000000e+00	-9.900000e-01	6.734738e-02	0.000000e+00	0.000000e+00	0.000000e+00	0.000000e+00	0.000000e+00	
-9.900000e-01	-9.800000e-01	9.391736e-02	0.000000e+00	0.000000e+00	0.000000e+00	0.000000e+00	0.000000e+00	
-9.800000e-01	-9.700000e-01	4.750200e-01	1.611810e-02	0.000000e+00	0.000000e+00	0.000000e+00	0.000000e+00	
-9.700000e-01	-9.600000e-01	1.070228e-01	1.712136e-01	0.000000e+00	0.000000e+00	0.000000e+00	0.000000e+00	
-9.600000e-01	-9.500000e-01	7.266582e-02	9.115677e-03	0.000000e+00	0.000000e+00	0.000000e+00	0.000000e+00	
-9.500000e-01	-9.400000e-01	2.044282e-01	1.693757e-01	0.000000e+00	0.000000e+00	0.000000e+00	0.000000e+00	
-9.400000e-01	-9.300000e-01	4.873873e-01	2.272538e-02	0.000000e+00	0.000000e+00	0.000000e+00	0.000000e+00	
-9.300000e-01	-9.200000e-01	3.736789e-01	6.645959e-02	1.468556e-01	0.000000e+00	0.000000e+00	0.000000e+00	
-9.200000e-01	-9.100000e-01	8.565001e-02	1.890281e-01	0.000000e+00	0.000000e+00	0.000000e+00	0.000000e+00	
-9.100000e-01	-9.000000e-01	1.063695e-01	1.044745e-01	0.000000e+00	0.000000e+00	0.000000e+00	0.000000e+00	
-9.000000e-01	-8.900000e-01	4.055516e-01	1.263823e-01	0.000000e+00	0.000000e+00	0.000000e+00	0.000000e+00	
-8.900000e-01	-8.800000e-01	1.891525e-01	2.632056e-01	0.000000e+00	0.000000e+00	0.000000e+00	0.000000e+00	
-8.800000e-01	-8.700000e-01	1.279550e-01	2.278209e-01	0.000000e+00	0.000000e+00	0.000000e+00	0.000000e+00	
-8.700000e-01	-8.600000e-01	2.645863e-01	2.344986e-01	0.000000e+00	0.000000e+00	0.000000e+00	0.000000e+00	
-8.600000e-01	-8.500000e-01	3.712300e-01	9.979166e-02	1.468556e-01	0.000000e+00	0.000000e+00	0.000000e+00	
-8.500000e-01	-8.400000e-01	6.284081e-01	2.176914e-01	0.000000e+00	0.000000e+00	0.000000e+00	0.000000e+00	
-8.400000e-01	-8.300000e-01	1.857416e-01	1.820055e-01	0.000000e+00	0.000000e+00	0.000000e+00	0.000000e+00	
-8.300000e-01	-8.200000e-01	1.968985e-01	2.478868e-01	0.000000e+00	0.000000e+00	0.000000e+00	0.000000e+00	
-8.200000e-01	-8.100000e-01	1.990035e-01	9.807312e-02	0.000000e+00	0.000000e+00	0.000000e+00	0.000000e+00	
-8.100000e-01	-8.000000e-01	1.364892e-01	2.191993e-01	0.000000e+00	0.000000e+00	0.000000e+00	0.000000e+00	
-8.000000e-01	-7.900000e-01	4.602985e-01	3.780664e-01	1.468556e-01	0.000000e+00	0.000000e+00	0.000000e+00	
-7.900000e-01	-7.800000e-01	2.078242e-01	2.994905e-01	0.000000e+00	0.000000e+00	0.000000e+00	0.000000e+00	
-7.800000e-01	-7.700000e-01	4.282373e-01	2.107745e-01	0.000000e+00	0.000000e+00	0.000000e+00	0.000000e+00	
-7.700000e-01	-7.600000e-01	3.371249e-01	5.170701e-01	0.000000e+00	0.000000e+00	0.000000e+00	0.000000e+00	
-7.600000e-01	-7.500000e-01	9.191101e-01	5.980531e-01	2.450664e-02	0.000000e+00	0.000000e+00	0.000000e+00	
-7.500000e-01	-7.400000e-01	3.305485e-01	6.895678e-01	2.062645e-01	0.000000e+00	0.000000e+00	0.000000e+00	
-7.400000e-01	-7.300000e-01	3.302415e-01	4.367488e-01	8.835464e-02	0.000000e+00	0.000000e+00	0.000000e+00	
-7.300000e-01	-7.200000e-01	4.647602e-01	2.384088e-01	0.000000e+00	0.000000e+00	0.000000e+00	0.000000e+00	
-7.200000e-01	-7.100000e-01	1.112433e+00	4.451095e-01	1.121487e-01	0.000000e+00	0.000000e+00	0.000000e+00	
-7.100000e-01	-7.000000e-01	2.675528e-01	3.051171e-01	4.567886e-01	0.000000e+00	0.000000e+00	0.000000e+00	
-7.000000e-01	-6.900000e-01	7.190155e-01	5.039045e-01	1.693078e-01	0.000000e+00	0.000000e+00	0.000000e+00	
-6.900000e-01	-6.800000e-01	1.123926e+00	1.698534e-01	1.321736e-01	0.000000e+00	0.000000e+00	0.000000e+00	
-6.800000e-01	-6.700000e-01	2.400119e-01	5.414497e-01	8.263539e-02	0.000000e+00	0.000000e+00	0.000000e+00	
-6.700000e-01	-6.600000e-01	9.386845e-01	2.950552e-01	5.125509e-01	0.000000e+00	0.000000e+00	0.000000e+00	
-6.600000e-01	-6.500000e-01	1.073271e+00	3.359018e-01	3.485152e-01	0.000000e+00	0.000000e+00	0.000000e+00	
-6.500000e-01	-6.400000e-01	4.641960e-01	1.777264e-01	8.565001e-02	0.000000e+00	0.000000e+00	0.000000e+00	
-6.400000e-01	-6.300000e-01	1.575520e+00	3.747053e-01	2.532251e-01	0.000000e+00	0.000000e+00	0.000000e+00	
-6.300000e-01	-6.200000e-01	1.265801e+00	3.957221e-01	2.586960e-01	0.000000e+00	0.000000e+00	0.000000e+00	
-6.200000e-01	-6.100000e-01	4.688208e-01	8.928286e-01	1.891525e-01	0.000000e+00	0.000000e+00	0.000000e+00	
-6.100000e-01	-6.000000e-01	1.715520e+00	6.314704e-01	2.748106e-01	0.000000e+00	0.000000e+00	0.000000e+00	
-6.000000e-01	-5.900000e-01	7.005987e-01	8.648849e-01	1.383546e-01	0.000000e+00	0.000000e+00	0.000000e+00	
-5.900000e-01	-5.800000e-01	1.827703e+00	4.984511e-01	3.506061e-01	0.000000e+00	0.000000e+00	0.000000e+00	
-5.800000e-01	-5.700000e-01	1.114031e+00	7.171022e-01	6.284081e-01	0.000000e+00	0.000000e+00	0.000000e+00	
-5.700000e-01	-5.600000e-01	2.639608e+00	7.049670e-01	1.857416e-01	0.000000e+00	0.000000e+00	0.000000e+00	
-5.600000e-01	-5.500000e-01	8.935163e-01	8.357024e-01	2.229725e-01	0.000000e+00	0.000000e+00	0.000000e+00	
-5.500000e-01	-5.400000e-01	2.104466e+00	7.734734e-01	1.990035e-01	0.000000e+00	0.000000e+00	0.000000e+00	
-5.400000e-01	-5.300000e-01	1.389327e+00	1.112823e+00	3.036419e-01	0.000000e+00	0.000000e+00	0.000000e+00	
-5.300000e-01	-5.200000e-01	2.941268e+00	7.663318e-01	4.130850e-01	0.000000e+00	0.000000e+00	0.000000e+00	
-5.200000e-01	-5.100000e-01	1.819415e+00	1.210830e+00	6.181108e-02	0.000000e+00	0.000000e+00	0.000000e+00	
-5.100000e-01	-5.000000e-01	3.757314e+00	1.072795e+00	4.970672e-01	0.000000e+00	0.000000e+00	0.000000e+00	
-5.000000e-01	-4.900000e-01	1.876200e+00	1.048086e+00	3.389991e-01	0.000000e+00	0.000000e+00	0.000000e+00	
-4.900000e-01	-4.800000e-01	4.397999e+00	1.514535e+00	9.573394e-01	0.000000e+00	0.000000e+00	0.000000e+00	
-4.800000e-01	-4.700000e-01	5.818237e-01	9.129519e-01	3.667718e-01	0.000000e+00	0.000000e+00	0.000000e+00	
-4.700000e-01	-4.600000e-01	4.648316e+00	1.100225e+00	3.057820e-01	0.000000e+00	0.000000e+00	0.000000e+00	
-4.600000e-01	-4.500000e-01	8.770048e-01	1.292054e+00	4.909186e-01	0.000000e+00	0.000000e+00	0.000000e+00	
-4.500000e-01	-4.400000e-01	6.513852e+00	1.031480e+00	1.086275e+00	0.000000e+00	0.000000e+00	0.000000e+00	
-4.400000e-01	-4.300000e-01	1.468556e-01	1.520197e+00	6.966910e-01	0.000000e+00	0.000000e+00	0.000000e+00	
-4.300000e-01	-4.200000e-01	1.015854e+00	1.166447e+00	3.160357e-01	0.000000e+00	0.000000e+00	0.000000e+00	
-4.200000e-01	-4.100000e-01	4.353662e+00	1.057422e+00	9.770709e-01	0.000000e+00	0.000000e+00	0.000000e+00	
-4.100000e-01	-4.000000e-01	2.937111e-01	1.298113e+00	9.386845e-01	0.000000e+00	0.000000e+00	0.000000e+00	
-4.000000e-01	-3.900000e-01	8.444195e+00	1.691481e+00	2.887970e-01	0.000000e+00	0.000000e+00	0.000000e+00	
-3.900000e-01	-3.800000e-01	1.477944e-01	1.151693e+00	1.171342e+00	0.000000e+00	0.000000e+00	0.000000e+00	
-3.800000e-01	-3.700000e-01	5.172803e-01	1.311911e+00	1.331600e+00	0.000000e+00	0.000000e+00	0.000000e+00	
-3.700000e-01	-3.600000e-01	6.724078e+00	1.841350e+00	7.081168e-01	0.000000e+00	0.000000e+00	0.000000e+00	
-3.600000e-01	-3.500000e-01	4.415813e-01	1.523132e+00	1.532216e+00	0.000000e+00	0.000000e+00	0.000000e+00	
-3.500000e-01	-3.400000e-01	3.689058e-01	1.792292e+00	5.912539e-01	0.000000e+00	0.000000e+00	0.000000e+00	
-3.400000e-01	-3.300000e-01	5.024766e+00	2.433012e+00	1.326671e+00	0.000000e+00	0.000000e+00	0.000000e+00	
-3.300000e-01	-3.200000e-01	0.000000e+00	2.382966e+00	9.005914e-01	0.000000e+00	0.000000e+00	0.000000e+00	
-3.200000e-01	-3.100000e-01	5.866507e-01	1.780947e+00	1.543076e+00	0.000000e+00	0.000000e+00	0.000000e+00	
-3.100000e-01	-3.000000e-01	4.106555e+00	1.668657e+00	2.939804e+00	0.000000e+00	0.000000e+00	0.000000e+00	
-3.000000e-01	-2.900000e-01	2.163398e-01	2.715751e+00	8.138350e-01	0.000000e+00	0.000000e+00	0.000000e+00	
-2.900000e-01	-2.800000e-01	3.605663e-01	2.150753e+00	2.595915e+00	0.000000e+00	0.000000e+00	0.000000e+00	
-2.800000e-01	-2.700000e-01	2.738320e+00	2.918015e+00	6.153615e-01	0.000000e+00	0.000000e+00	0.000000e+00	
-2.700000e-01	-2.600000e-01	4.988419e-01	1.877223e+00	3.642885e+00	0.000000e+00	0.000000e+00	0.000000e+00	
-2.600000e-01	-2.500000e-01	7.012964e-02	2.383222e+00	7.580557e-01	0.000000e+00	0.000000e+00	0.000000e+00	
-2.500000e-01	-2.400000e-01	9.088123e-01	1.957973e+00	4.937157e+00	0.000000e+00	0.000000e+00	0.000000e+00	
-2.400000e-01	-2.300000e-01	1.122074e+00	1.968826e+00	5.087691e-01	0.000000e+00	0.000000e+00	0.000000e+00	
-2.300000e-01	-2.200000e-01	1.345133e-01	2.117785e+00	5.149917e+00	0.000000e+00	0.000000e+00	0.000000e+00	
-2.200000e-01	-2.100000e-01	1.978679e-01	2.128452e+00	1.125973e+00	0.000000e+00	0.000000e+00	0.000000e+00	
-2.100000e-01	-2.000000e-01	1.001046e+00	2.792210e+00	1.567402e+00	0.000000e+00	0.000000e+00	0.000000e+00	
-2.000000e-01	-1.900000e-01	2.017699e-01	4.116150e+00	3.664208e+00	0.000000e+00	0.000000e+00	0.000000e+00	
-1.900000e-01	-1.800000e-01	6.335464e-02	2.429353e+00	1.666132e+00	1.321700e+00	0.000000e+00	0.000000e+00	
-1.800000e-01	-1.700000e-01	6.335464e-02	3.897070e+00	5.579934e+00	2.937111e-01	0.000000e+00	0.000000e+00	
-1.700000e-01	-1.600000e-01	6.220073e-01	1.179404e+00	1.459888e-01	1.468556e-01	0.000000e+00	0.000000e+00	
-1.600000e-01	-1.500000e-01	3.750397e-01	1.531294e+00	4.789028e+00	2.937111e-01	0.000000e+00	0.000000e+00	
-1.500000e-01	-1.400000e-01	3.400713e-02	2.410956e+00	5.079272e-01	2.937111e-01	0.000000e+00	0.000000e+00	
-1.400000e-01	-1.300000e-01	0.000000e+00	1.217840e+00	8.811334e-01	2.937111e-01	0.000000e+00	0.000000e+00	
-1.300000e-01	-1.200000e-01	5.826651e-02	1.920070e+00	7.856773e+00	1.468556e-01	0.000000e+00	0.000000e+00	
-1.200000e-01	-1.100000e-01	2.913325e-01	1.283205e+00	2.955887e-01	2.937111e-01	0.000000e+00	0.000000e+00	
-1.100000e-01	-1.000000e-01	4.380329e-02	6.401954e-01	1.625738e+00	2.937111e-01	0.000000e+00	0.000000e+00	
-1.000000e-01	-9.000000e-02	0.000000e+00	9.968597e-01	5.615613e+00	4.405667e-01	0.000000e+00	0.000000e+00	
-9.000000e-02	-8.000000e-02	5.181554e-02	9.218082e-01	4.415813e-01	2.937111e-01	0.000000e+00	0.000000e+00	
-8.000000e-02	-7.000000e-02	1.036311e-01	4.150318e-01	2.364033e+00	4.405667e-01	0.000000e+00	0.000000e+00	
-7.000000e-02	-6.000000e-02	0.000000e+00	6.654203e-01	2.881851e+00	2.937111e-01	0.000000e+00	0.000000e+00	
-6.000000e-02	-5.000000e-02	4.380329e-02	5.289648e-01	1.466627e-01	4.405667e-01	0.000000e+00	0.000000e+00	
-5.000000e-02	-4.000000e-02	0.000000e+00	1.306113e-01	1.539958e+00	6.496440e-01	0.000000e+00	0.000000e+00	
-4.000000e-02	-3.000000e-02	0.000000e+00	2.017699e-01	3.078698e+00	5.431260e-01	0.000000e+00	0.000000e+00	
-3.000000e-02	-2.000000e-02	0.000000e+00	3.801279e-01	2.884530e-01	6.582600e-01	0.000000e+00	0.000000e+00	
-2.000000e-02	-1.000000e-02	4.380329e-02	1.900639e-01	8.633754e-01	7.649325e-01	0.000000e+00	0.000000e+00	
-1.000000e-02	0.000000e+00	0.000000e+00	2.483304e-01	2.379737e+00	9.158554e-01	0.000000e+00	0.000000e+00	
0.000000e+00	1.000000e-02	0.000000e+00	6.335464e-02	2.805186e-01	1.081592e+00	0.000000e+00	0.000000e+00	
1.000000e-02	2.000000e-02	0.000000e+00	1.165330e-01	2.805186e-01	1.083991e+00	0.000000e+00	0.000000e+00	
2.000000e-02	3.000000e-02	0.000000e+00	1.683486e-01	1.399720e+00	7.976064e-01	0.000000e+00	0.000000e+00	
3.000000e-02	4.000000e-02	0.000000e+00	1.036311e-01	4.851615e-01	5.567480e-01	0.000000e+00	0.000000e+00	
4.000000e-02	5.000000e-02	0.000000e+00	1.020698e-01	1.306113e-01	6.119682e-01	0.000000e+00	0.000000e+00	
5.000000e-02	6.000000e-02	0.000000e+00	0.000000e+00	2.651246e-01	1.004511e+00	0.000000e+00	0.000000e+00	
6.000000e-02	7.000000e-02	0.000000e+00	0.000000e+00	1.004948e+00	1.079622e+00	0.000000e+00	0.000000e+00	
7.000000e-02	8.000000e-02	0.000000e+00	0.000000e+00	0.000000e+00	2.099092e+00	0.000000e+00	1.581142e+01	
8.000000e-02	9.000000e-02	0.000000e+00	0.000000e+00	6.335464e-02	2.727416e+00	0.000000e+00	1.394556e+01	
9.000000e-02	1.000000e-01	0.000000e+00	0.000000e+00	1.267093e-01	2.485270e+00	0.000000e+00	1.000499e+01	
1.000000e-01	1.100000e-01	0.000000e+00	0.000000e+00	8.754259e-01	2.737085e+00	0.000000e+00	8.167226e+00	
1.100000e-01	1.200000e-01	0.000000e+00	4.380329e-02	5.826651e-02	3.992043e+00	0.000000e+00	7.635120e+00	
1.200000e-01	1.300000e-01	0.000000e+00	0.000000e+00	3.400713e-02	5.082044e+00	0.000000e+00	6.131220e+00	
1.300000e-01	1.400000e-01	0.000000e+00	0.000000e+00	0.000000e+00	6.800251e+00	0.000000e+00	5.843847e+00	
1.400000e-01	1.500000e-01	0.000000e+00	0.000000e+00	2.330660e-01	6.113232e+00	0.000000e+00	4.966569e+00	
1.500000e-01	1.600000e-01	0.000000e+00	0.000000e+00	1.603363e-01	8.310998e+00	0.000000e+00	3.213835e+00	
1.600000e-01	1.700000e-01	0.000000e+00	0.000000e+00	0.000000e+00	8.051359e+00	0.000000e+00	3.153247e+00	
1.700000e-01	1.800000e-01	0.000000e+00	0.000000e+00	0.000000e+00	1.150255e+01	0.000000e+00	2.207886e+00	
1.800000e-01	1.900000e-01	0.000000e+00	0.000000e+00	1.554466e-01	1.673911e+01	0.000000e+00	2.435538e+00	
1.900000e-01	2.000000e-01	0.000000e+00	0.000000e+00	0.000000e+00	8.324894e+00	0.000000e+00	1.866127e+00	
2.000000e-01	2.100000e-01	0.000000e+00	0.000000e+00	0.000000e+00	0.000000e+00	0.000000e+00	9.501583e-01	
2.100000e-01	2.200000e-01	0.000000e+00	0.000000e+00	4.380329e-02	0.000000e+00	0.000000e+00	1.012010e+00	
2.200000e-01	2.300000e-01	0.000000e+00	0.000000e+00	0.000000e+00	0.000000e+00	0.000000e+00	5.255673e-01	
2.300000e-01	2.400000e-01	0.000000e+00	0.000000e+00	0.000000e+00	0.000000e+00	0.000000e+00	5.157573e-01	
2.400000e-01	2.500000e-01	0.000000e+00	0.000000e+00	4.380329e-02	0.000000e+00	0.000000e+00	9.918576e-01	
2.500000e-01	2.600000e-01	0.000000e+00	0.000000e+00	0.000000e+00	0.000000e+00	0.000000e+00	1.180917e+00	
2.600000e-01	2.700000e-01	0.000000e+00	0.000000e+00	0.000000e+00	0.000000e+00	1.000000e+02	9.506585e-01	
2.700000e-01	2.800000e-01	0.000000e+00	0.000000e+00	0.000000e+00	0.000000e+00	0.000000e+00	8.278529e-01	
2.800000e-01	2.900000e-01	0.000000e+00	0.000000e+00	0.000000e+00	0.000000e+00	0.000000e+00	6.716644e-01	
2.900000e-01	3.000000e-01	0.000000e+00	0.000000e+00	0.000000e+00	0.000000e+00	0.000000e+00	7.225900e-01	
3.000000e-01	3.100000e-01	0.000000e+00	0.000000e+00	0.000000e+00	0.000000e+00	0.000000e+00	4.787959e-01	
3.100000e-01	3.200000e-01	0.000000e+00	0.000000e+00	0.000000e+00	0.000000e+00	0.000000e+00	6.496440e-01	
3.200000e-01	3.300000e-01	0.000000e+00	0.000000e+00	0.000000e+00	0.000000e+00	0.000000e+00	2.937111e-01	
3.300000e-01	3.400000e-01	0.000000e+00	0.000000e+00	0.000000e+00	0.000000e+00	0.000000e+00	4.405667e-01	
3.400000e-01	3.500000e-01	0.000000e+00	0.000000e+00	0.000000e+00	0.000000e+00	0.000000e+00	4.405667e-01	
3.500000e-01	3.600000e-01	0.000000e+00	0.000000e+00	0.000000e+00	0.000000e+00	0.000000e+00	2.937111e-01	
3.600000e-01	3.700000e-01	0.000000e+00	0.000000e+00	0.000000e+00	0.000000e+00	0.000000e+00	2.937111e-01	
3.700000e-01	3.800000e-01	0.000000e+00	0.000000e+00	0.000000e+00	0.000000e+00	0.000000e+00	2.937111e-01	
3.800000e-01	3.900000e-01	0.000000e+00	0.000000e+00	0.000000e+00	0.000000e+00	0.000000e+00	2.937111e-01	
3.900000e-01	4.000000e-01	0.000000e+00	0.000000e+00	0.000000e+00	0.000000e+00	0.000000e+00	2.937111e-01	
4.000000e-01	4.100000e-01	0.000000e+00	0.000000e+00	0.000000e+00	0.000000e+00	0.000000e+00	2.937111e-01	
4.100000e-01	4.200000e-01	0.000000e+00	0.000000e+00	0.000000e+00	0.000000e+00	0.000000e+00	1.468556e-01	
4.200000e-01	4.300000e-01	0.000000e+00	0.000000e+00	0.000000e+00	0.000000e+00	0.000000e+00	2.937111e-01	
4.300000e-01	4.400000e-01	0.000000e+00	0.000000e+00	0.000000e+00	0.000000e+00	0.000000e+00	2.937111e-01	
4.400000e-01	4.500000e-01	0.000000e+00	0.000000e+00	0.000000e+00	0.000000e+00	0.000000e+00	2.937111e-01	
4.500000e-01	4.600000e-01	0.000000e+00	0.000000e+00	0.000000e+00	0.000000e+00	0.000000e+00	1.174845e+00	
4.600000e-01	4.700000e-01	0.000000e+00	0.000000e+00	0.000000e+00	0.000000e+00	0.000000e+00	0.000000e+00	
4.700000e-01	4.800000e-01	0.000000e+00	0.000000e+00	0.000000e+00	0.000000e+00	0.000000e+00	0.000000e+00	
4.800000e-01	4.900000e-01	0.000000e+00	0.000000e+00	0.000000e+00	0.000000e+00	0.000000e+00	0.000000e+00	
4.900000e-01	5.000000e-01	0.000000e+00	0.000000e+00	0.000000e+00	0.000000e+00	0.000000e+00	0.000000e+00	
5.000000e-01	5.100000e-01	0.000000e+00	0.000000e+00	0.000000e+00	0.000000e+00	0.000000e+00	0.000000e+00	
5.100000e-01	5.200000e-01	0.000000e+00	0.000000e+00	0.000000e+00	0.000000e+00	0.000000e+00	0.000000e+00	
5.200000e-01	5.300000e-01	0.000000e+00	0.000000e+00	0.000000e+00	0.000000e+00	0.000000e+00	0.000000e+00	
5.300000e-01	5.400000e-01	0.000000e+00	0.000000e+00	0.000000e+00	0.000000e+00	0.000000e+00	0.000000e+00	
5.400000e-01	5.500000e-01	0.000000e+00	0.000000e+00	0.000000e+00	0.000000e+00	0.000000e+00	0.000000e+00	
5.500000e-01	5.600000e-01	0.000000e+00	0.000000e+00	0.000000e+00	0.000000e+00	0.000000e+00	0.000000e+00	
5.600000e-01	5.700000e-01	0.000000e+00	0.000000e+00	0.000000e+00	0.000000e+00	0.000000e+00	0.000000e+00	
5.700000e-01	5.800000e-01	0.000000e+00	0.000000e+00	0.000000e+00	0.000000e+00	0.000000e+00	0.000000e+00	
5.800000e-01	5.900000e-01	0.000000e+00	0.000000e+00	0.000000e+00	0.000000e+00	0.000000e+00	0.000000e+00	
5.900000e-01	6.000000e-01	0.000000e+00	0.000000e+00	0.000000e+00	0.000000e+00	0.000000e+00	0.000000e+00	
6.000000e-01	6.100000e-01	0.000000e+00	0.000000e+00	0.000000e+00	0.000000e+00	0.000000e+00	0.000000e+00	
6.100000e-01	6.200000e-01	0.000000e+00	0.000000e+00	0.000000e+00	0.000000e+00	0.000000e+00	0.000000e+00	
6.200000e-01	6.300000e-01	0.000000e+00	0.000000e+00	0.000000e+00	0.000000e+00	0.000000e+00	0.000000e+00	
6.300000e-01	6.400000e-01	0.000000e+00	0.000000e+00	0.000000e+00	0.000000e+00	0.000000e+00	0.000000e+00	
6.400000e-01	6.500000e-01	0.000000e+00	0.000000e+00	0.000000e+00	0.000000e+00	0.000000e+00	0.000000e+00	
6.500000e-01	6.600000e-01	0.000000e+00	0.000000e+00	0.000000e+00	0.000000e+00	0.000000e+00	0.000000e+00	
6.600000e-01	6.700000e-01	0.000000e+00	0.000000e+00	0.000000e+00	0.000000e+00	0.000000e+00	0.000000e+00	
6.700000e-01	6.800000e-01	0.000000e+00	0.000000e+00	0.000000e+00	0.000000e+00	0.000000e+00	0.000000e+00	
6.800000e-01	6.900000e-01	0.000000e+00	0.000000e+00	0.000000e+00	0.000000e+00	0.000000e+00	0.000000e+00	
6.900000e-01	7.000000e-01	0.000000e+00	0.000000e+00	0.000000e+00	0.000000e+00	0.000000e+00	0.000000e+00	
7.000000e-01	7.100000e-01	0.000000e+00	0.000000e+00	0.000000e+00	0.000000e+00	0.000000e+00	0.000000e+00	
7.100000e-01	7.200000e-01	0.000000e+00	0.000000e+00	0.000000e+00	0.000000e+00	0.000000e+00	0.000000e+00	
7.200000e-01	7.300000e-01	0.000000e+00	0.000000e+00	0.000000e+00	0.000000e+00	0.000000e+00	0.000000e+00	
7.300000e-01	7.400000e-01	0.000000e+00	0.000000e+00	0.000000e+00	0.000000e+00	0.000000e+00	0.000000e+00	
7.400000e-01	7.500000e-01	0.000000e+00	0.000000e+00	0.000000e+00	0.000000e+00	0.000000e+00	0.000000e+00	
7.500000e-01	7.600000e-01	0.000000e+00	0.000000e+00	0.000000e+00	0.000000e+00	0.000000e+00	0.000000e+00	
7.600000e-01	7.700000e-01	0.000000e+00	0.000000e+00	0.000000e+00	0.000000e+00	0.000000e+00	0.000000e+00	
7.700000e-01	7.800000e-01	0.000000e+00	0.000000e+00	0.000000e+00	0.000000e+00	0.000000e+00	0.000000e+00	
7.800000e-01	7.900000e-01	0.000000e+00	0.000000e+00	0.000000e+00	0.000000e+00	0.000000e+00	0.000000e+00	
7.900000e-01	8.000000e-01	0.000000e+00	0.000000e+00	0.000000e+00	0.000000e+00	0.000000e+00	0.000000e+00	
8.000000e-01	8.100000e-01	0.000000e+00	0.000000e+00	0.000000e+00	0.000000e+00	0.000000e+00	0.000000e+00	
8.100000e-01	8.200000e-01	0.000000e+00	0.000000e+00	0.000000e+00	0.000000e+00	0.000000e+00	0.000000e+00	
8.200000e-01	8.300000e-01	0.000000e+00	0.000000e+00	0.000000e+00	0.000000e+00	0.000000e+00	0.000000e+00	
8.300000e-01	8.400000e-01	0.000000e+00	0.000000e+00	0.000000e+00	0.000000e+00	0.000000e+00	0.000000e+00	
8.400000e-01	8.500000e-01	0.000000e+00	0.000000e+00	0.000000e+00	0.000000e+00	0.000000e+00	0.000000e+00	
8.500000e-01	8.600000e-01	0.000000e+00	0.000000e+00	0.000000e+00	0.000000e+00	0.000000e+00	0.000000e+00	
8.600000e-01	8.700000e-01	0.000000e+00	0.000000e+00	0.000000e+00	0.000000e+00	0.000000e+00	0.000000e+00	
8.700000e-01	8.800000e-01	0.000000e+00	0.000000e+00	0.000000e+00	0.000000e+00	0.000000e+00	0.000000e+00	
8.800000e-01	8.900000e-01	0.000000e+00	0.000000e+00	0.000000e+00	0.000000e+00	0.000000e+00	0.000000e+00	
8.900000e-01	9.000000e-01	0.000000e+00	0.000000e+00	0.000000e+00	0.000000e+00	0.000000e+00	0.000000e+00	
9.000000e-01	9.100000e-01	0.000000e+00	0.000000e+00	0.000000e+00	0.000000e+00	0.000000e+00	0.000000e+00	
9.100000e-01	9.200000e-01	0.000000e+00	0.000000e+00	0.000000e+00	0.000000e+00	0.000000e+00	0.000000e+00	
9.200000e-01	9.300000e-01	0.000000e+00	0.000000e+00	0.000000e+00	0.000000e+00	0.000000e+00	0.000000e+00	
9.300000e-01	9.400000e-01	0.000000e+00	0.000000e+00	0.000000e+00	0.000000e+00	0.000000e+00	0.000000e+00	
9.400000e-01	9.500000e-01	0.000000e+00	0.000000e+00	0.000000e+00	0.000000e+00	0.000000e+00	0.000000e+00	
9.500000e-01	9.600000e-01	0.000000e+00	0.000000e+00	0.000000e+00	0.000000e+00	0.000000e+00	0.000000e+00	
9.600000e-01	9.700000e-01	0.000000e+00	0.000000e+00	0.000000e+00	0.000000e+00	0.000000e+00	0.000000e+00	
9.700000e-01	9.800000e-01	0.000000e+00	0.000000e+00	0.000000e+00	0.000000e+00	0.000000e+00	0.000000e+00	
9.800000e-01	9.900000e-01	0.000000e+00	0.000000e+00	0.000000e+00	0.000000e+00	0.000000e+00	0.000000e+00	
9.900000e-01	1.000000e+00	0.000000e+00	0.000000e+00	0.000000e+00	0.000000e+00	0.000000e+00	0.000000e+00	
