# bin_edge_left	bin_edge_right	dN/d[mg/H]	dN/d[fe/H]	dN/d[o/H]	dN/d[fe/mg]	dN/d[o/mg]	dN/d[o/fe]	
-3.000000e+00	-2.990000e+00	0.000000e+00	0.000000e+00	0.000000e+00	0.000000e+00	0.000000e+00	0.000000e+00	
-2.990000e+00	-2.980000e+00	0.000000e+00	0.000000e+00	0.000000e+00	0.000000e+00	0.000000e+00	0.000000e+00	
-2.980000e+00	-2.970000e+00	0.000000e+00	0.000000e+00	0.000000e+00	0.000000e+00	0.000000e+00	0.000000e+00	
-2.970000e+00	-2.960000e+00	0.000000e+00	0.000000e+00	0.000000e+00	0.000000e+00	0.000000e+00	0.000000e+00	
-2.960000e+00	-2.950000e+00	0.000000e+00	0.000000e+00	0.000000e+00	0.000000e+00	0.000000e+00	0.000000e+00	
-2.950000e+00	-2.940000e+00	0.000000e+00	0.000000e+00	0.000000e+00	0.000000e+00	0.000000e+00	0.000000e+00	
-2.940000e+00	-2.930000e+00	0.000000e+00	0.000000e+00	0.000000e+00	0.000000e+00	0.000000e+00	0.000000e+00	
-2.930000e+00	-2.920000e+00	0.000000e+00	0.000000e+00	0.000000e+00	0.000000e+00	0.000000e+00	0.000000e+00	
-2.920000e+00	-2.910000e+00	0.000000e+00	0.000000e+00	0.000000e+00	0.000000e+00	0.000000e+00	0.000000e+00	
-2.910000e+00	-2.900000e+00	0.000000e+00	0.000000e+00	0.000000e+00	0.000000e+00	0.000000e+00	0.000000e+00	
-2.900000e+00	-2.890000e+00	0.000000e+00	0.000000e+00	0.000000e+00	0.000000e+00	0.000000e+00	0.000000e+00	
-2.890000e+00	-2.880000e+00	0.000000e+00	0.000000e+00	0.000000e+00	0.000000e+00	0.000000e+00	0.000000e+00	
-2.880000e+00	-2.870000e+00	0.000000e+00	0.000000e+00	0.000000e+00	0.000000e+00	0.000000e+00	0.000000e+00	
-2.870000e+00	-2.860000e+00	0.000000e+00	0.000000e+00	0.000000e+00	0.000000e+00	0.000000e+00	0.000000e+00	
-2.860000e+00	-2.850000e+00	0.000000e+00	0.000000e+00	0.000000e+00	0.000000e+00	0.000000e+00	0.000000e+00	
-2.850000e+00	-2.840000e+00	0.000000e+00	0.000000e+00	0.000000e+00	0.000000e+00	0.000000e+00	0.000000e+00	
-2.840000e+00	-2.830000e+00	0.000000e+00	0.000000e+00	0.000000e+00	0.000000e+00	0.000000e+00	0.000000e+00	
-2.830000e+00	-2.820000e+00	0.000000e+00	0.000000e+00	0.000000e+00	0.000000e+00	0.000000e+00	0.000000e+00	
-2.820000e+00	-2.810000e+00	0.000000e+00	0.000000e+00	0.000000e+00	0.000000e+00	0.000000e+00	0.000000e+00	
-2.810000e+00	-2.800000e+00	0.000000e+00	0.000000e+00	0.000000e+00	0.000000e+00	0.000000e+00	0.000000e+00	
-2.800000e+00	-2.790000e+00	0.000000e+00	0.000000e+00	0.000000e+00	0.000000e+00	0.000000e+00	0.000000e+00	
-2.790000e+00	-2.780000e+00	0.000000e+00	0.000000e+00	0.000000e+00	0.000000e+00	0.000000e+00	0.000000e+00	
-2.780000e+00	-2.770000e+00	0.000000e+00	0.000000e+00	0.000000e+00	0.000000e+00	0.000000e+00	0.000000e+00	
-2.770000e+00	-2.760000e+00	0.000000e+00	0.000000e+00	0.000000e+00	0.000000e+00	0.000000e+00	0.000000e+00	
-2.760000e+00	-2.750000e+00	0.000000e+00	0.000000e+00	0.000000e+00	0.000000e+00	0.000000e+00	0.000000e+00	
-2.750000e+00	-2.740000e+00	0.000000e+00	0.000000e+00	0.000000e+00	0.000000e+00	0.000000e+00	0.000000e+00	
-2.740000e+00	-2.730000e+00	0.000000e+00	0.000000e+00	0.000000e+00	0.000000e+00	0.000000e+00	0.000000e+00	
-2.730000e+00	-2.720000e+00	0.000000e+00	0.000000e+00	0.000000e+00	0.000000e+00	0.000000e+00	0.000000e+00	
-2.720000e+00	-2.710000e+00	0.000000e+00	0.000000e+00	0.000000e+00	0.000000e+00	0.000000e+00	0.000000e+00	
-2.710000e+00	-2.700000e+00	0.000000e+00	0.000000e+00	0.000000e+00	0.000000e+00	0.000000e+00	0.000000e+00	
-2.700000e+00	-2.690000e+00	0.000000e+00	0.000000e+00	0.000000e+00	0.000000e+00	0.000000e+00	0.000000e+00	
-2.690000e+00	-2.680000e+00	0.000000e+00	0.000000e+00	0.000000e+00	0.000000e+00	0.000000e+00	0.000000e+00	
-2.680000e+00	-2.670000e+00	0.000000e+00	0.000000e+00	0.000000e+00	0.000000e+00	0.000000e+00	0.000000e+00	
-2.670000e+00	-2.660000e+00	0.000000e+00	0.000000e+00	0.000000e+00	0.000000e+00	0.000000e+00	0.000000e+00	
-2.660000e+00	-2.650000e+00	0.000000e+00	0.000000e+00	0.000000e+00	0.000000e+00	0.000000e+00	0.000000e+00	
-2.650000e+00	-2.640000e+00	0.000000e+00	0.000000e+00	0.000000e+00	0.000000e+00	0.000000e+00	0.000000e+00	
-2.640000e+00	-2.630000e+00	0.000000e+00	0.000000e+00	0.000000e+00	0.000000e+00	0.000000e+00	0.000000e+00	
-2.630000e+00	-2.620000e+00	0.000000e+00	0.000000e+00	0.000000e+00	0.000000e+00	0.000000e+00	0.000000e+00	
-2.620000e+00	-2.610000e+00	0.000000e+00	0.000000e+00	0.000000e+00	0.000000e+00	0.000000e+00	0.000000e+00	
-2.610000e+00	-2.600000e+00	0.000000e+00	0.000000e+00	0.000000e+00	0.000000e+00	0.000000e+00	0.000000e+00	
-2.600000e+00	-2.590000e+00	0.000000e+00	0.000000e+00	0.000000e+00	0.000000e+00	0.000000e+00	0.000000e+00	
-2.590000e+00	-2.580000e+00	0.000000e+00	0.000000e+00	0.000000e+00	0.000000e+00	0.000000e+00	0.000000e+00	
-2.580000e+00	-2.570000e+00	0.000000e+00	0.000000e+00	0.000000e+00	0.000000e+00	0.000000e+00	0.000000e+00	
-2.570000e+00	-2.560000e+00	0.000000e+00	0.000000e+00	0.000000e+00	0.000000e+00	0.000000e+00	0.000000e+00	
-2.560000e+00	-2.550000e+00	0.000000e+00	0.000000e+00	0.000000e+00	0.000000e+00	0.000000e+00	0.000000e+00	
-2.550000e+00	-2.540000e+00	0.000000e+00	0.000000e+00	0.000000e+00	0.000000e+00	0.000000e+00	0.000000e+00	
-2.540000e+00	-2.530000e+00	0.000000e+00	0.000000e+00	0.000000e+00	0.000000e+00	0.000000e+00	0.000000e+00	
-2.530000e+00	-2.520000e+00	0.000000e+00	0.000000e+00	0.000000e+00	0.000000e+00	0.000000e+00	0.000000e+00	
-2.520000e+00	-2.510000e+00	0.000000e+00	0.000000e+00	0.000000e+00	0.000000e+00	0.000000e+00	0.000000e+00	
-2.510000e+00	-2.500000e+00	0.000000e+00	0.000000e+00	0.000000e+00	0.000000e+00	0.000000e+00	0.000000e+00	
-2.500000e+00	-2.490000e+00	0.000000e+00	0.000000e+00	0.000000e+00	0.000000e+00	0.000000e+00	0.000000e+00	
-2.490000e+00	-2.480000e+00	0.000000e+00	0.000000e+00	0.000000e+00	0.000000e+00	0.000000e+00	0.000000e+00	
-2.480000e+00	-2.470000e+00	0.000000e+00	0.000000e+00	0.000000e+00	0.000000e+00	0.000000e+00	0.000000e+00	
-2.470000e+00	-2.460000e+00	0.000000e+00	0.000000e+00	0.000000e+00	0.000000e+00	0.000000e+00	0.000000e+00	
-2.460000e+00	-2.450000e+00	0.000000e+00	0.000000e+00	0.000000e+00	0.000000e+00	0.000000e+00	0.000000e+00	
-2.450000e+00	-2.440000e+00	0.000000e+00	0.000000e+00	0.000000e+00	0.000000e+00	0.000000e+00	0.000000e+00	
-2.440000e+00	-2.430000e+00	0.000000e+00	0.000000e+00	0.000000e+00	0.000000e+00	0.000000e+00	0.000000e+00	
-2.430000e+00	-2.420000e+00	0.000000e+00	0.000000e+00	0.000000e+00	0.000000e+00	0.000000e+00	0.000000e+00	
-2.420000e+00	-2.410000e+00	0.000000e+00	0.000000e+00	0.000000e+00	0.000000e+00	0.000000e+00	0.000000e+00	
-2.410000e+00	-2.400000e+00	0.000000e+00	0.000000e+00	0.000000e+00	0.000000e+00	0.000000e+00	0.000000e+00	
-2.400000e+00	-2.390000e+00	0.000000e+00	0.000000e+00	0.000000e+00	0.000000e+00	0.000000e+00	0.000000e+00	
-2.390000e+00	-2.380000e+00	0.000000e+00	0.000000e+00	0.000000e+00	0.000000e+00	0.000000e+00	0.000000e+00	
-2.380000e+00	-2.370000e+00	0.000000e+00	0.000000e+00	0.000000e+00	0.000000e+00	0.000000e+00	0.000000e+00	
-2.370000e+00	-2.360000e+00	0.000000e+00	0.000000e+00	0.000000e+00	0.000000e+00	0.000000e+00	0.000000e+00	
-2.360000e+00	-2.350000e+00	0.000000e+00	0.000000e+00	0.000000e+00	0.000000e+00	0.000000e+00	0.000000e+00	
-2.350000e+00	-2.340000e+00	0.000000e+00	0.000000e+00	0.000000e+00	0.000000e+00	0.000000e+00	0.000000e+00	
-2.340000e+00	-2.330000e+00	0.000000e+00	0.000000e+00	0.000000e+00	0.000000e+00	0.000000e+00	0.000000e+00	
-2.330000e+00	-2.320000e+00	0.000000e+00	0.000000e+00	0.000000e+00	0.000000e+00	0.000000e+00	0.000000e+00	
-2.320000e+00	-2.310000e+00	0.000000e+00	0.000000e+00	0.000000e+00	0.000000e+00	0.000000e+00	0.000000e+00	
-2.310000e+00	-2.300000e+00	0.000000e+00	0.000000e+00	0.000000e+00	0.000000e+00	0.000000e+00	0.000000e+00	
-2.300000e+00	-2.290000e+00	0.000000e+00	0.000000e+00	0.000000e+00	0.000000e+00	0.000000e+00	0.000000e+00	
-2.290000e+00	-2.280000e+00	0.000000e+00	0.000000e+00	0.000000e+00	0.000000e+00	0.000000e+00	0.000000e+00	
-2.280000e+00	-2.270000e+00	0.000000e+00	0.000000e+00	0.000000e+00	0.000000e+00	0.000000e+00	0.000000e+00	
-2.270000e+00	-2.260000e+00	0.000000e+00	0.000000e+00	0.000000e+00	0.000000e+00	0.000000e+00	0.000000e+00	
-2.260000e+00	-2.250000e+00	0.000000e+00	0.000000e+00	0.000000e+00	0.000000e+00	0.000000e+00	0.000000e+00	
-2.250000e+00	-2.240000e+00	0.000000e+00	0.000000e+00	0.000000e+00	0.000000e+00	0.000000e+00	0.000000e+00	
-2.240000e+00	-2.230000e+00	0.000000e+00	0.000000e+00	0.000000e+00	0.000000e+00	0.000000e+00	0.000000e+00	
-2.230000e+00	-2.220000e+00	0.000000e+00	0.000000e+00	0.000000e+00	0.000000e+00	0.000000e+00	0.000000e+00	
-2.220000e+00	-2.210000e+00	0.000000e+00	0.000000e+00	0.000000e+00	0.000000e+00	0.000000e+00	0.000000e+00	
-2.210000e+00	-2.200000e+00	0.000000e+00	0.000000e+00	0.000000e+00	0.000000e+00	0.000000e+00	0.000000e+00	
-2.200000e+00	-2.190000e+00	0.000000e+00	0.000000e+00	0.000000e+00	0.000000e+00	0.000000e+00	0.000000e+00	
-2.190000e+00	-2.180000e+00	0.000000e+00	0.000000e+00	0.000000e+00	0.000000e+00	0.000000e+00	0.000000e+00	
-2.180000e+00	-2.170000e+00	0.000000e+00	0.000000e+00	0.000000e+00	0.000000e+00	0.000000e+00	0.000000e+00	
-2.170000e+00	-2.160000e+00	0.000000e+00	0.000000e+00	0.000000e+00	0.000000e+00	0.000000e+00	0.000000e+00	
-2.160000e+00	-2.150000e+00	0.000000e+00	0.000000e+00	0.000000e+00	0.000000e+00	0.000000e+00	0.000000e+00	
-2.150000e+00	-2.140000e+00	0.000000e+00	0.000000e+00	0.000000e+00	0.000000e+00	0.000000e+00	0.000000e+00	
-2.140000e+00	-2.130000e+00	0.000000e+00	0.000000e+00	0.000000e+00	0.000000e+00	0.000000e+00	0.000000e+00	
-2.130000e+00	-2.120000e+00	0.000000e+00	0.000000e+00	0.000000e+00	0.000000e+00	0.000000e+00	0.000000e+00	
-2.120000e+00	-2.110000e+00	0.000000e+00	0.000000e+00	0.000000e+00	0.000000e+00	0.000000e+00	0.000000e+00	
-2.110000e+00	-2.100000e+00	0.000000e+00	0.000000e+00	0.000000e+00	0.000000e+00	0.000000e+00	0.000000e+00	
-2.100000e+00	-2.090000e+00	0.000000e+00	0.000000e+00	0.000000e+00	0.000000e+00	0.000000e+00	0.000000e+00	
-2.090000e+00	-2.080000e+00	0.000000e+00	0.000000e+00	0.000000e+00	0.000000e+00	0.000000e+00	0.000000e+00	
-2.080000e+00	-2.070000e+00	0.000000e+00	0.000000e+00	0.000000e+00	0.000000e+00	0.000000e+00	0.000000e+00	
-2.070000e+00	-2.060000e+00	0.000000e+00	0.000000e+00	0.000000e+00	0.000000e+00	0.000000e+00	0.000000e+00	
-2.060000e+00	-2.050000e+00	0.000000e+00	0.000000e+00	0.000000e+00	0.000000e+00	0.000000e+00	0.000000e+00	
-2.050000e+00	-2.040000e+00	0.000000e+00	0.000000e+00	0.000000e+00	0.000000e+00	0.000000e+00	0.000000e+00	
-2.040000e+00	-2.030000e+00	0.000000e+00	0.000000e+00	0.000000e+00	0.000000e+00	0.000000e+00	0.000000e+00	
-2.030000e+00	-2.020000e+00	0.000000e+00	0.000000e+00	0.000000e+00	0.000000e+00	0.000000e+00	0.000000e+00	
-2.020000e+00	-2.010000e+00	0.000000e+00	0.000000e+00	0.000000e+00	0.000000e+00	0.000000e+00	0.000000e+00	
-2.010000e+00	-2.000000e+00	0.000000e+00	0.000000e+00	0.000000e+00	0.000000e+00	0.000000e+00	0.000000e+00	
-2.000000e+00	-1.990000e+00	0.000000e+00	0.000000e+00	0.000000e+00	0.000000e+00	0.000000e+00	0.000000e+00	
-1.990000e+00	-1.980000e+00	0.000000e+00	0.000000e+00	0.000000e+00	0.000000e+00	0.000000e+00	0.000000e+00	
-1.980000e+00	-1.970000e+00	0.000000e+00	0.000000e+00	0.000000e+00	0.000000e+00	0.000000e+00	0.000000e+00	
-1.970000e+00	-1.960000e+00	0.000000e+00	0.000000e+00	0.000000e+00	0.000000e+00	0.000000e+00	0.000000e+00	
-1.960000e+00	-1.950000e+00	0.000000e+00	0.000000e+00	0.000000e+00	0.000000e+00	0.000000e+00	0.000000e+00	
-1.950000e+00	-1.940000e+00	0.000000e+00	0.000000e+00	0.000000e+00	0.000000e+00	0.000000e+00	0.000000e+00	
-1.940000e+00	-1.930000e+00	0.000000e+00	0.000000e+00	0.000000e+00	0.000000e+00	0.000000e+00	0.000000e+00	
-1.930000e+00	-1.920000e+00	0.000000e+00	0.000000e+00	0.000000e+00	0.000000e+00	0.000000e+00	0.000000e+00	
-1.920000e+00	-1.910000e+00	0.000000e+00	0.000000e+00	0.000000e+00	0.000000e+00	0.000000e+00	0.000000e+00	
-1.910000e+00	-1.900000e+00	0.000000e+00	0.000000e+00	0.000000e+00	0.000000e+00	0.000000e+00	0.000000e+00	
-1.900000e+00	-1.890000e+00	0.000000e+00	0.000000e+00	0.000000e+00	0.000000e+00	0.000000e+00	0.000000e+00	
-1.890000e+00	-1.880000e+00	0.000000e+00	0.000000e+00	0.000000e+00	0.000000e+00	0.000000e+00	0.000000e+00	
-1.880000e+00	-1.870000e+00	0.000000e+00	0.000000e+00	0.000000e+00	0.000000e+00	0.000000e+00	0.000000e+00	
-1.870000e+00	-1.860000e+00	0.000000e+00	0.000000e+00	0.000000e+00	0.000000e+00	0.000000e+00	0.000000e+00	
-1.860000e+00	-1.850000e+00	0.000000e+00	0.000000e+00	0.000000e+00	0.000000e+00	0.000000e+00	0.000000e+00	
-1.850000e+00	-1.840000e+00	0.000000e+00	0.000000e+00	0.000000e+00	0.000000e+00	0.000000e+00	0.000000e+00	
-1.840000e+00	-1.830000e+00	0.000000e+00	0.000000e+00	0.000000e+00	0.000000e+00	0.000000e+00	0.000000e+00	
-1.830000e+00	-1.820000e+00	0.000000e+00	0.000000e+00	0.000000e+00	0.000000e+00	0.000000e+00	0.000000e+00	
-1.820000e+00	-1.810000e+00	0.000000e+00	0.000000e+00	0.000000e+00	0.000000e+00	0.000000e+00	0.000000e+00	
-1.810000e+00	-1.800000e+00	0.000000e+00	0.000000e+00	0.000000e+00	0.000000e+00	0.000000e+00	0.000000e+00	
-1.800000e+00	-1.790000e+00	0.000000e+00	0.000000e+00	0.000000e+00	0.000000e+00	0.000000e+00	0.000000e+00	
-1.790000e+00	-1.780000e+00	0.000000e+00	0.000000e+00	0.000000e+00	0.000000e+00	0.000000e+00	0.000000e+00	
-1.780000e+00	-1.770000e+00	0.000000e+00	0.000000e+00	0.000000e+00	0.000000e+00	0.000000e+00	0.000000e+00	
-1.770000e+00	-1.760000e+00	0.000000e+00	0.000000e+00	0.000000e+00	0.000000e+00	0.000000e+00	0.000000e+00	
-1.760000e+00	-1.750000e+00	0.000000e+00	0.000000e+00	0.000000e+00	0.000000e+00	0.000000e+00	0.000000e+00	
-1.750000e+00	-1.740000e+00	0.000000e+00	0.000000e+00	0.000000e+00	0.000000e+00	0.000000e+00	0.000000e+00	
-1.740000e+00	-1.730000e+00	0.000000e+00	0.000000e+00	0.000000e+00	0.000000e+00	0.000000e+00	0.000000e+00	
-1.730000e+00	-1.720000e+00	0.000000e+00	0.000000e+00	0.000000e+00	0.000000e+00	0.000000e+00	0.000000e+00	
-1.720000e+00	-1.710000e+00	0.000000e+00	0.000000e+00	0.000000e+00	0.000000e+00	0.000000e+00	0.000000e+00	
-1.710000e+00	-1.700000e+00	0.000000e+00	0.000000e+00	0.000000e+00	0.000000e+00	0.000000e+00	0.000000e+00	
-1.700000e+00	-1.690000e+00	0.000000e+00	0.000000e+00	0.000000e+00	0.000000e+00	0.000000e+00	0.000000e+00	
-1.690000e+00	-1.680000e+00	0.000000e+00	0.000000e+00	0.000000e+00	0.000000e+00	0.000000e+00	0.000000e+00	
-1.680000e+00	-1.670000e+00	0.000000e+00	0.000000e+00	0.000000e+00	0.000000e+00	0.000000e+00	0.000000e+00	
-1.670000e+00	-1.660000e+00	0.000000e+00	0.000000e+00	0.000000e+00	0.000000e+00	0.000000e+00	0.000000e+00	
-1.660000e+00	-1.650000e+00	0.000000e+00	0.000000e+00	0.000000e+00	0.000000e+00	0.000000e+00	0.000000e+00	
-1.650000e+00	-1.640000e+00	0.000000e+00	0.000000e+00	0.000000e+00	0.000000e+00	0.000000e+00	0.000000e+00	
-1.640000e+00	-1.630000e+00	0.000000e+00	0.000000e+00	0.000000e+00	0.000000e+00	0.000000e+00	0.000000e+00	
-1.630000e+00	-1.620000e+00	0.000000e+00	0.000000e+00	0.000000e+00	0.000000e+00	0.000000e+00	0.000000e+00	
-1.620000e+00	-1.610000e+00	0.000000e+00	0.000000e+00	0.000000e+00	0.000000e+00	0.000000e+00	0.000000e+00	
-1.610000e+00	-1.600000e+00	0.000000e+00	0.000000e+00	0.000000e+00	0.000000e+00	0.000000e+00	0.000000e+00	
-1.600000e+00	-1.590000e+00	0.000000e+00	0.000000e+00	0.000000e+00	0.000000e+00	0.000000e+00	0.000000e+00	
-1.590000e+00	-1.580000e+00	0.000000e+00	0.000000e+00	0.000000e+00	0.000000e+00	0.000000e+00	0.000000e+00	
-1.580000e+00	-1.570000e+00	0.000000e+00	0.000000e+00	0.000000e+00	0.000000e+00	0.000000e+00	0.000000e+00	
-1.570000e+00	-1.560000e+00	0.000000e+00	0.000000e+00	0.000000e+00	0.000000e+00	0.000000e+00	0.000000e+00	
-1.560000e+00	-1.550000e+00	0.000000e+00	0.000000e+00	0.000000e+00	0.000000e+00	0.000000e+00	0.000000e+00	
-1.550000e+00	-1.540000e+00	0.000000e+00	0.000000e+00	0.000000e+00	0.000000e+00	0.000000e+00	0.000000e+00	
-1.540000e+00	-1.530000e+00	0.000000e+00	0.000000e+00	0.000000e+00	0.000000e+00	0.000000e+00	0.000000e+00	
-1.530000e+00	-1.520000e+00	0.000000e+00	0.000000e+00	0.000000e+00	0.000000e+00	0.000000e+00	0.000000e+00	
-1.520000e+00	-1.510000e+00	0.000000e+00	0.000000e+00	0.000000e+00	0.000000e+00	0.000000e+00	0.000000e+00	
-1.510000e+00	-1.500000e+00	0.000000e+00	0.000000e+00	0.000000e+00	0.000000e+00	0.000000e+00	0.000000e+00	
-1.500000e+00	-1.490000e+00	0.000000e+00	0.000000e+00	0.000000e+00	0.000000e+00	0.000000e+00	0.000000e+00	
-1.490000e+00	-1.480000e+00	0.000000e+00	0.000000e+00	0.000000e+00	0.000000e+00	0.000000e+00	0.000000e+00	
-1.480000e+00	-1.470000e+00	0.000000e+00	0.000000e+00	0.000000e+00	0.000000e+00	0.000000e+00	0.000000e+00	
-1.470000e+00	-1.460000e+00	0.000000e+00	0.000000e+00	0.000000e+00	0.000000e+00	0.000000e+00	0.000000e+00	
-1.460000e+00	-1.450000e+00	0.000000e+00	0.000000e+00	0.000000e+00	0.000000e+00	0.000000e+00	0.000000e+00	
-1.450000e+00	-1.440000e+00	0.000000e+00	0.000000e+00	0.000000e+00	0.000000e+00	0.000000e+00	0.000000e+00	
-1.440000e+00	-1.430000e+00	0.000000e+00	0.000000e+00	0.000000e+00	0.000000e+00	0.000000e+00	0.000000e+00	
-1.430000e+00	-1.420000e+00	0.000000e+00	0.000000e+00	0.000000e+00	0.000000e+00	0.000000e+00	0.000000e+00	
-1.420000e+00	-1.410000e+00	0.000000e+00	0.000000e+00	0.000000e+00	0.000000e+00	0.000000e+00	0.000000e+00	
-1.410000e+00	-1.400000e+00	0.000000e+00	0.000000e+00	0.000000e+00	0.000000e+00	0.000000e+00	0.000000e+00	
-1.400000e+00	-1.390000e+00	0.000000e+00	0.000000e+00	0.000000e+00	0.000000e+00	0.000000e+00	0.000000e+00	
-1.390000e+00	-1.380000e+00	0.000000e+00	0.000000e+00	0.000000e+00	0.000000e+00	0.000000e+00	0.000000e+00	
-1.380000e+00	-1.370000e+00	0.000000e+00	0.000000e+00	0.000000e+00	0.000000e+00	0.000000e+00	0.000000e+00	
-1.370000e+00	-1.360000e+00	0.000000e+00	0.000000e+00	0.000000e+00	0.000000e+00	0.000000e+00	0.000000e+00	
-1.360000e+00	-1.350000e+00	0.000000e+00	0.000000e+00	0.000000e+00	0.000000e+00	0.000000e+00	0.000000e+00	
-1.350000e+00	-1.340000e+00	0.000000e+00	0.000000e+00	0.000000e+00	0.000000e+00	0.000000e+00	0.000000e+00	
-1.340000e+00	-1.330000e+00	0.000000e+00	0.000000e+00	0.000000e+00	0.000000e+00	0.000000e+00	0.000000e+00	
-1.330000e+00	-1.320000e+00	0.000000e+00	0.000000e+00	0.000000e+00	0.000000e+00	0.000000e+00	0.000000e+00	
-1.320000e+00	-1.310000e+00	0.000000e+00	0.000000e+00	0.000000e+00	0.000000e+00	0.000000e+00	0.000000e+00	
-1.310000e+00	-1.300000e+00	0.000000e+00	0.000000e+00	0.000000e+00	0.000000e+00	0.000000e+00	0.000000e+00	
-1.300000e+00	-1.290000e+00	0.000000e+00	0.000000e+00	0.000000e+00	0.000000e+00	0.000000e+00	0.000000e+00	
-1.290000e+00	-1.280000e+00	0.000000e+00	0.000000e+00	0.000000e+00	0.000000e+00	0.000000e+00	0.000000e+00	
-1.280000e+00	-1.270000e+00	0.000000e+00	0.000000e+00	0.000000e+00	0.000000e+00	0.000000e+00	0.000000e+00	
-1.270000e+00	-1.260000e+00	0.000000e+00	0.000000e+00	0.000000e+00	0.000000e+00	0.000000e+00	0.000000e+00	
-1.260000e+00	-1.250000e+00	0.000000e+00	0.000000e+00	0.000000e+00	0.000000e+00	0.000000e+00	0.000000e+00	
-1.250000e+00	-1.240000e+00	0.000000e+00	0.000000e+00	0.000000e+00	0.000000e+00	0.000000e+00	0.000000e+00	
-1.240000e+00	-1.230000e+00	0.000000e+00	0.000000e+00	0.000000e+00	0.000000e+00	0.000000e+00	0.000000e+00	
-1.230000e+00	-1.220000e+00	0.000000e+00	0.000000e+00	0.000000e+00	0.000000e+00	0.000000e+00	0.000000e+00	
-1.220000e+00	-1.210000e+00	0.000000e+00	0.000000e+00	0.000000e+00	0.000000e+00	0.000000e+00	0.000000e+00	
-1.210000e+00	-1.200000e+00	0.000000e+00	0.000000e+00	0.000000e+00	0.000000e+00	0.000000e+00	0.000000e+00	
-1.200000e+00	-1.190000e+00	0.000000e+00	0.000000e+00	0.000000e+00	0.000000e+00	0.000000e+00	0.000000e+00	
-1.190000e+00	-1.180000e+00	0.000000e+00	0.000000e+00	0.000000e+00	0.000000e+00	0.000000e+00	0.000000e+00	
-1.180000e+00	-1.170000e+00	0.000000e+00	0.000000e+00	0.000000e+00	0.000000e+00	0.000000e+00	0.000000e+00	
-1.170000e+00	-1.160000e+00	0.000000e+00	0.000000e+00	0.000000e+00	0.000000e+00	0.000000e+00	0.000000e+00	
-1.160000e+00	-1.150000e+00	0.000000e+00	0.000000e+00	0.000000e+00	0.000000e+00	0.000000e+00	0.000000e+00	
-1.150000e+00	-1.140000e+00	0.000000e+00	0.000000e+00	0.000000e+00	0.000000e+00	0.000000e+00	0.000000e+00	
-1.140000e+00	-1.130000e+00	0.000000e+00	0.000000e+00	0.000000e+00	0.000000e+00	0.000000e+00	0.000000e+00	
-1.130000e+00	-1.120000e+00	0.000000e+00	0.000000e+00	0.000000e+00	0.000000e+00	0.000000e+00	0.000000e+00	
-1.120000e+00	-1.110000e+00	0.000000e+00	0.000000e+00	0.000000e+00	0.000000e+00	0.000000e+00	0.000000e+00	
-1.110000e+00	-1.100000e+00	0.000000e+00	0.000000e+00	0.000000e+00	0.000000e+00	0.000000e+00	0.000000e+00	
-1.100000e+00	-1.090000e+00	0.000000e+00	0.000000e+00	0.000000e+00	0.000000e+00	0.000000e+00	0.000000e+00	
-1.090000e+00	-1.080000e+00	0.000000e+00	0.000000e+00	0.000000e+00	0.000000e+00	0.000000e+00	0.000000e+00	
-1.080000e+00	-1.070000e+00	0.000000e+00	0.000000e+00	0.000000e+00	0.000000e+00	0.000000e+00	0.000000e+00	
-1.070000e+00	-1.060000e+00	0.000000e+00	0.000000e+00	0.000000e+00	0.000000e+00	0.000000e+00	0.000000e+00	
-1.060000e+00	-1.050000e+00	0.000000e+00	0.000000e+00	0.000000e+00	0.000000e+00	0.000000e+00	0.000000e+00	
-1.050000e+00	-1.040000e+00	0.000000e+00	0.000000e+00	0.000000e+00	0.000000e+00	0.000000e+00	0.000000e+00	
-1.040000e+00	-1.030000e+00	0.000000e+00	0.000000e+00	0.000000e+00	0.000000e+00	0.000000e+00	0.000000e+00	
-1.030000e+00	-1.020000e+00	1.527845e+00	1.126634e-01	0.000000e+00	0.000000e+00	0.000000e+00	0.000000e+00	
-1.020000e+00	-1.010000e+00	1.182965e+00	5.633168e-02	0.000000e+00	0.000000e+00	0.000000e+00	0.000000e+00	
-1.010000e+00	-1.000000e+00	1.565593e+00	1.126634e-01	0.000000e+00	0.000000e+00	0.000000e+00	0.000000e+00	
-1.000000e+00	-9.900000e-01	2.509575e+00	0.000000e+00	0.000000e+00	0.000000e+00	0.000000e+00	0.000000e+00	
-9.900000e-01	-9.800000e-01	1.990296e+00	5.633168e-02	0.000000e+00	0.000000e+00	0.000000e+00	0.000000e+00	
-9.800000e-01	-9.700000e-01	2.273235e+00	1.126634e-01	0.000000e+00	0.000000e+00	0.000000e+00	0.000000e+00	
-9.700000e-01	-9.600000e-01	3.848566e+00	5.633168e-02	0.000000e+00	0.000000e+00	0.000000e+00	0.000000e+00	
-9.600000e-01	-9.500000e-01	2.320935e+00	5.268431e-02	0.000000e+00	0.000000e+00	0.000000e+00	0.000000e+00	
-9.500000e-01	-9.400000e-01	2.665903e+00	1.733641e-01	0.000000e+00	0.000000e+00	0.000000e+00	0.000000e+00	
-9.400000e-01	-9.300000e-01	5.278722e+00	0.000000e+00	0.000000e+00	0.000000e+00	0.000000e+00	0.000000e+00	
-9.300000e-01	-9.200000e-01	4.353946e+00	5.633168e-02	0.000000e+00	0.000000e+00	0.000000e+00	0.000000e+00	
-9.200000e-01	-9.100000e-01	4.005946e+00	0.000000e+00	0.000000e+00	0.000000e+00	0.000000e+00	0.000000e+00	
-9.100000e-01	-9.000000e-01	3.266756e+00	5.268431e-02	0.000000e+00	0.000000e+00	0.000000e+00	0.000000e+00	
-9.000000e-01	-8.900000e-01	3.336864e+00	0.000000e+00	0.000000e+00	0.000000e+00	0.000000e+00	0.000000e+00	
-8.900000e-01	-8.800000e-01	4.001779e+00	2.215351e-01	0.000000e+00	0.000000e+00	0.000000e+00	0.000000e+00	
-8.800000e-01	-8.700000e-01	2.043431e+00	6.525522e-01	0.000000e+00	0.000000e+00	0.000000e+00	0.000000e+00	
-8.700000e-01	-8.600000e-01	4.175199e+00	1.930443e-01	0.000000e+00	0.000000e+00	0.000000e+00	0.000000e+00	
-8.600000e-01	-8.500000e-01	7.093948e+00	7.971871e-01	0.000000e+00	0.000000e+00	0.000000e+00	0.000000e+00	
-8.500000e-01	-8.400000e-01	4.140960e+00	1.002888e+00	0.000000e+00	0.000000e+00	0.000000e+00	0.000000e+00	
-8.400000e-01	-8.300000e-01	2.595493e+00	1.709020e+00	0.000000e+00	0.000000e+00	0.000000e+00	0.000000e+00	
-8.300000e-01	-8.200000e-01	8.465835e-01	2.952604e+00	0.000000e+00	0.000000e+00	0.000000e+00	0.000000e+00	
-8.200000e-01	-8.100000e-01	3.486887e+00	1.555710e+00	0.000000e+00	0.000000e+00	0.000000e+00	0.000000e+00	
-8.100000e-01	-8.000000e-01	1.121075e+00	1.771224e+00	0.000000e+00	0.000000e+00	0.000000e+00	0.000000e+00	
-8.000000e-01	-7.900000e-01	3.323184e+00	2.201046e+00	0.000000e+00	0.000000e+00	0.000000e+00	0.000000e+00	
-7.900000e-01	-7.800000e-01	2.511188e+00	2.841332e+00	0.000000e+00	0.000000e+00	0.000000e+00	0.000000e+00	
-7.800000e-01	-7.700000e-01	2.389177e+00	4.099082e+00	0.000000e+00	0.000000e+00	0.000000e+00	0.000000e+00	
-7.700000e-01	-7.600000e-01	1.682438e+00	2.485948e+00	0.000000e+00	0.000000e+00	0.000000e+00	0.000000e+00	
-7.600000e-01	-7.500000e-01	2.959407e-01	3.926916e+00	1.696840e+00	0.000000e+00	0.000000e+00	0.000000e+00	
-7.500000e-01	-7.400000e-01	1.183763e+00	5.848081e+00	1.013970e+00	0.000000e+00	0.000000e+00	0.000000e+00	
-7.400000e-01	-7.300000e-01	2.184402e+00	3.065853e+00	3.496036e+00	0.000000e+00	0.000000e+00	0.000000e+00	
-7.300000e-01	-7.200000e-01	1.314961e+00	3.588504e+00	1.541558e+00	0.000000e+00	0.000000e+00	0.000000e+00	
-7.200000e-01	-7.100000e-01	4.151592e+00	3.683031e+00	1.027871e+00	0.000000e+00	0.000000e+00	0.000000e+00	
-7.100000e-01	-7.000000e-01	3.459660e-01	2.871622e+00	2.273235e+00	0.000000e+00	0.000000e+00	0.000000e+00	
-7.000000e-01	-6.900000e-01	3.637029e-01	4.578289e+00	3.937833e+00	0.000000e+00	0.000000e+00	0.000000e+00	
-6.900000e-01	-6.800000e-01	3.819098e-01	4.826472e+00	3.183776e+00	0.000000e+00	0.000000e+00	0.000000e+00	
-6.800000e-01	-6.700000e-01	0.000000e+00	4.854861e+00	6.992517e+00	0.000000e+00	0.000000e+00	0.000000e+00	
-6.700000e-01	-6.600000e-01	2.422184e+00	3.772134e+00	2.163868e+00	0.000000e+00	0.000000e+00	0.000000e+00	
-6.600000e-01	-6.500000e-01	1.678048e+00	2.596976e+00	2.881681e+00	0.000000e+00	0.000000e+00	0.000000e+00	
-6.500000e-01	-6.400000e-01	8.775256e-01	3.847537e+00	3.314342e+00	0.000000e+00	0.000000e+00	0.000000e+00	
-6.400000e-01	-6.300000e-01	4.387628e-01	2.899872e+00	3.266756e+00	0.000000e+00	0.000000e+00	0.000000e+00	
-6.300000e-01	-6.200000e-01	4.581914e-01	3.480437e+00	3.336864e+00	0.000000e+00	0.000000e+00	0.000000e+00	
-6.200000e-01	-6.100000e-01	9.358745e-01	4.493509e+00	4.316153e+00	0.000000e+00	0.000000e+00	0.000000e+00	
-6.100000e-01	-6.000000e-01	4.776831e-01	8.930255e-01	1.896065e+00	0.000000e+00	0.000000e+00	0.000000e+00	
-6.000000e-01	-5.900000e-01	5.531864e-01	2.498250e+00	4.008191e+00	0.000000e+00	0.000000e+00	0.000000e+00	
-5.900000e-01	-5.800000e-01	0.000000e+00	1.826445e+00	7.093948e+00	0.000000e+00	0.000000e+00	0.000000e+00	
-5.800000e-01	-5.700000e-01	5.350563e-01	2.321200e+00	4.140960e+00	0.000000e+00	0.000000e+00	0.000000e+00	
-5.700000e-01	-5.600000e-01	0.000000e+00	9.528551e-01	2.595493e+00	0.000000e+00	0.000000e+00	0.000000e+00	
-5.600000e-01	-5.500000e-01	0.000000e+00	1.835498e+00	2.539750e+00	0.000000e+00	0.000000e+00	0.000000e+00	
-5.500000e-01	-5.400000e-01	0.000000e+00	3.287403e-01	2.914795e+00	0.000000e+00	0.000000e+00	0.000000e+00	
-5.400000e-01	-5.300000e-01	0.000000e+00	3.459660e-01	3.323184e+00	0.000000e+00	0.000000e+00	0.000000e+00	
-5.300000e-01	-5.200000e-01	0.000000e+00	8.777033e-01	0.000000e+00	0.000000e+00	0.000000e+00	0.000000e+00	
-5.200000e-01	-5.100000e-01	0.000000e+00	8.010689e-01	2.511188e+00	0.000000e+00	0.000000e+00	0.000000e+00	
-5.100000e-01	-5.000000e-01	0.000000e+00	1.201603e+00	2.389177e+00	0.000000e+00	0.000000e+00	0.000000e+00	
-5.000000e-01	-4.900000e-01	0.000000e+00	3.819098e-01	1.682438e+00	0.000000e+00	0.000000e+00	0.000000e+00	
-4.900000e-01	-4.800000e-01	0.000000e+00	0.000000e+00	1.479704e+00	0.000000e+00	0.000000e+00	0.000000e+00	
-4.800000e-01	-4.700000e-01	0.000000e+00	8.582747e-01	9.361723e-01	0.000000e+00	0.000000e+00	0.000000e+00	
-4.700000e-01	-4.600000e-01	0.000000e+00	4.195119e-01	1.248230e+00	0.000000e+00	0.000000e+00	0.000000e+00	
-4.600000e-01	-4.500000e-01	0.000000e+00	0.000000e+00	1.314961e+00	0.000000e+00	0.000000e+00	0.000000e+00	
-4.500000e-01	-4.400000e-01	1.227336e+00	4.581914e-01	4.497558e+00	0.000000e+00	0.000000e+00	0.000000e+00	
-4.400000e-01	-4.300000e-01	0.000000e+00	0.000000e+00	0.000000e+00	0.000000e+00	0.000000e+00	0.000000e+00	
-4.300000e-01	-4.200000e-01	0.000000e+00	0.000000e+00	3.637029e-01	0.000000e+00	0.000000e+00	0.000000e+00	
-4.200000e-01	-4.100000e-01	0.000000e+00	4.776831e-01	3.819098e-01	0.000000e+00	0.000000e+00	0.000000e+00	
-4.100000e-01	-4.000000e-01	6.354251e-01	0.000000e+00	2.002672e+00	0.000000e+00	0.000000e+00	0.000000e+00	
-4.000000e-01	-3.900000e-01	0.000000e+00	0.000000e+00	8.390238e-01	0.000000e+00	0.000000e+00	0.000000e+00	
-3.900000e-01	-3.800000e-01	0.000000e+00	6.354251e-01	1.258536e+00	0.000000e+00	0.000000e+00	0.000000e+00	
-3.800000e-01	-3.700000e-01	0.000000e+00	0.000000e+00	8.775256e-01	0.000000e+00	0.000000e+00	0.000000e+00	
-3.700000e-01	-3.600000e-01	0.000000e+00	0.000000e+00	4.387628e-01	0.000000e+00	0.000000e+00	0.000000e+00	
-3.600000e-01	-3.500000e-01	0.000000e+00	0.000000e+00	1.394066e+00	0.000000e+00	0.000000e+00	0.000000e+00	
-3.500000e-01	-3.400000e-01	0.000000e+00	0.000000e+00	0.000000e+00	0.000000e+00	0.000000e+00	0.000000e+00	
-3.400000e-01	-3.300000e-01	0.000000e+00	0.000000e+00	1.030869e+00	0.000000e+00	0.000000e+00	0.000000e+00	
-3.300000e-01	-3.200000e-01	0.000000e+00	6.136679e-01	0.000000e+00	0.000000e+00	0.000000e+00	0.000000e+00	
-3.200000e-01	-3.100000e-01	0.000000e+00	0.000000e+00	0.000000e+00	0.000000e+00	0.000000e+00	0.000000e+00	
-3.100000e-01	-3.000000e-01	0.000000e+00	0.000000e+00	5.350563e-01	0.000000e+00	0.000000e+00	0.000000e+00	
-3.000000e-01	-2.900000e-01	0.000000e+00	6.136679e-01	0.000000e+00	0.000000e+00	0.000000e+00	0.000000e+00	
-2.900000e-01	-2.800000e-01	0.000000e+00	0.000000e+00	0.000000e+00	0.000000e+00	0.000000e+00	0.000000e+00	
-2.800000e-01	-2.700000e-01	0.000000e+00	0.000000e+00	0.000000e+00	0.000000e+00	0.000000e+00	0.000000e+00	
-2.700000e-01	-2.600000e-01	0.000000e+00	0.000000e+00	0.000000e+00	0.000000e+00	0.000000e+00	0.000000e+00	
-2.600000e-01	-2.500000e-01	0.000000e+00	0.000000e+00	0.000000e+00	0.000000e+00	0.000000e+00	0.000000e+00	
-2.500000e-01	-2.400000e-01	0.000000e+00	0.000000e+00	0.000000e+00	0.000000e+00	0.000000e+00	0.000000e+00	
-2.400000e-01	-2.300000e-01	0.000000e+00	0.000000e+00	0.000000e+00	0.000000e+00	0.000000e+00	0.000000e+00	
-2.300000e-01	-2.200000e-01	0.000000e+00	0.000000e+00	0.000000e+00	0.000000e+00	0.000000e+00	0.000000e+00	
-2.200000e-01	-2.100000e-01	0.000000e+00	0.000000e+00	0.000000e+00	0.000000e+00	0.000000e+00	0.000000e+00	
-2.100000e-01	-2.000000e-01	0.000000e+00	0.000000e+00	0.000000e+00	0.000000e+00	0.000000e+00	0.000000e+00	
-2.000000e-01	-1.900000e-01	0.000000e+00	0.000000e+00	0.000000e+00	0.000000e+00	0.000000e+00	0.000000e+00	
-1.900000e-01	-1.800000e-01	0.000000e+00	0.000000e+00	6.136679e-01	0.000000e+00	0.000000e+00	0.000000e+00	
-1.800000e-01	-1.700000e-01	0.000000e+00	0.000000e+00	6.136679e-01	0.000000e+00	0.000000e+00	0.000000e+00	
-1.700000e-01	-1.600000e-01	0.000000e+00	0.000000e+00	0.000000e+00	0.000000e+00	0.000000e+00	0.000000e+00	
-1.600000e-01	-1.500000e-01	0.000000e+00	0.000000e+00	0.000000e+00	0.000000e+00	0.000000e+00	0.000000e+00	
-1.500000e-01	-1.400000e-01	0.000000e+00	0.000000e+00	0.000000e+00	0.000000e+00	0.000000e+00	0.000000e+00	
-1.400000e-01	-1.300000e-01	0.000000e+00	0.000000e+00	6.354251e-01	0.000000e+00	0.000000e+00	0.000000e+00	
-1.300000e-01	-1.200000e-01	0.000000e+00	0.000000e+00	0.000000e+00	0.000000e+00	0.000000e+00	0.000000e+00	
-1.200000e-01	-1.100000e-01	0.000000e+00	0.000000e+00	0.000000e+00	0.000000e+00	0.000000e+00	0.000000e+00	
-1.100000e-01	-1.000000e-01	0.000000e+00	0.000000e+00	0.000000e+00	0.000000e+00	0.000000e+00	0.000000e+00	
-1.000000e-01	-9.000000e-02	0.000000e+00	0.000000e+00	0.000000e+00	0.000000e+00	0.000000e+00	0.000000e+00	
-9.000000e-02	-8.000000e-02	0.000000e+00	0.000000e+00	0.000000e+00	0.000000e+00	0.000000e+00	0.000000e+00	
-8.000000e-02	-7.000000e-02	0.000000e+00	0.000000e+00	0.000000e+00	0.000000e+00	0.000000e+00	0.000000e+00	
-7.000000e-02	-6.000000e-02	0.000000e+00	0.000000e+00	0.000000e+00	0.000000e+00	0.000000e+00	0.000000e+00	
-6.000000e-02	-5.000000e-02	0.000000e+00	0.000000e+00	0.000000e+00	0.000000e+00	0.000000e+00	0.000000e+00	
-5.000000e-02	-4.000000e-02	0.000000e+00	0.000000e+00	0.000000e+00	0.000000e+00	0.000000e+00	0.000000e+00	
-4.000000e-02	-3.000000e-02	0.000000e+00	0.000000e+00	0.000000e+00	0.000000e+00	0.000000e+00	0.000000e+00	
-3.000000e-02	-2.000000e-02	0.000000e+00	0.000000e+00	0.000000e+00	5.531864e-01	0.000000e+00	0.000000e+00	
-2.000000e-02	-1.000000e-02	0.000000e+00	0.000000e+00	0.000000e+00	0.000000e+00	0.000000e+00	0.000000e+00	
-1.000000e-02	0.000000e+00	0.000000e+00	0.000000e+00	0.000000e+00	2.698504e-01	0.000000e+00	0.000000e+00	
0.000000e+00	1.000000e-02	0.000000e+00	0.000000e+00	0.000000e+00	5.633168e-02	0.000000e+00	0.000000e+00	
1.000000e-02	2.000000e-02	0.000000e+00	0.000000e+00	0.000000e+00	1.126634e-01	0.000000e+00	0.000000e+00	
2.000000e-02	3.000000e-02	0.000000e+00	0.000000e+00	0.000000e+00	1.551008e+00	0.000000e+00	0.000000e+00	
3.000000e-02	4.000000e-02	0.000000e+00	0.000000e+00	0.000000e+00	7.475335e-01	0.000000e+00	0.000000e+00	
4.000000e-02	5.000000e-02	0.000000e+00	0.000000e+00	0.000000e+00	8.218096e-01	0.000000e+00	0.000000e+00	
5.000000e-02	6.000000e-02	0.000000e+00	0.000000e+00	0.000000e+00	1.776167e+00	0.000000e+00	0.000000e+00	
6.000000e-02	7.000000e-02	0.000000e+00	0.000000e+00	0.000000e+00	7.868225e-01	0.000000e+00	0.000000e+00	
7.000000e-02	8.000000e-02	0.000000e+00	0.000000e+00	0.000000e+00	1.694921e+00	0.000000e+00	2.068541e+01	
8.000000e-02	9.000000e-02	0.000000e+00	0.000000e+00	0.000000e+00	1.318170e+00	0.000000e+00	2.155437e+01	
9.000000e-02	1.000000e-01	0.000000e+00	0.000000e+00	0.000000e+00	2.434659e+00	0.000000e+00	1.794779e+01	
1.000000e-01	1.100000e-01	0.000000e+00	0.000000e+00	0.000000e+00	6.520099e-01	0.000000e+00	1.192779e+01	
1.100000e-01	1.200000e-01	0.000000e+00	0.000000e+00	0.000000e+00	1.872155e+00	0.000000e+00	3.250998e+00	
1.200000e-01	1.300000e-01	0.000000e+00	0.000000e+00	0.000000e+00	3.788590e+00	0.000000e+00	4.245622e+00	
1.300000e-01	1.400000e-01	0.000000e+00	0.000000e+00	0.000000e+00	2.934683e+00	0.000000e+00	2.835983e+00	
1.400000e-01	1.500000e-01	0.000000e+00	0.000000e+00	0.000000e+00	4.517453e+00	0.000000e+00	3.160487e+00	
1.500000e-01	1.600000e-01	0.000000e+00	0.000000e+00	0.000000e+00	5.477448e+00	0.000000e+00	1.755455e+00	
1.600000e-01	1.700000e-01	0.000000e+00	0.000000e+00	0.000000e+00	1.347021e+01	0.000000e+00	1.317131e+00	
1.700000e-01	1.800000e-01	0.000000e+00	0.000000e+00	0.000000e+00	1.857299e+01	0.000000e+00	1.976468e+00	
1.800000e-01	1.900000e-01	0.000000e+00	0.000000e+00	0.000000e+00	2.179922e+01	0.000000e+00	1.370855e+00	
1.900000e-01	2.000000e-01	0.000000e+00	0.000000e+00	0.000000e+00	1.479211e+01	0.000000e+00	1.540828e+00	
2.000000e-01	2.100000e-01	0.000000e+00	0.000000e+00	0.000000e+00	0.000000e+00	0.000000e+00	1.515220e+00	
2.100000e-01	2.200000e-01	0.000000e+00	0.000000e+00	0.000000e+00	0.000000e+00	0.000000e+00	1.149179e+00	
2.200000e-01	2.300000e-01	0.000000e+00	0.000000e+00	0.000000e+00	0.000000e+00	0.000000e+00	1.066190e+00	
2.300000e-01	2.400000e-01	0.000000e+00	0.000000e+00	0.000000e+00	0.000000e+00	0.000000e+00	2.135187e-01	
2.400000e-01	2.500000e-01	0.000000e+00	0.000000e+00	0.000000e+00	0.000000e+00	0.000000e+00	1.494676e+00	
2.500000e-01	2.600000e-01	0.000000e+00	0.000000e+00	0.000000e+00	0.000000e+00	0.000000e+00	1.126634e-01	
2.600000e-01	2.700000e-01	0.000000e+00	0.000000e+00	0.000000e+00	0.000000e+00	1.000000e+02	3.261821e-01	
2.700000e-01	2.800000e-01	0.000000e+00	0.000000e+00	0.000000e+00	0.000000e+00	0.000000e+00	0.000000e+00	
2.800000e-01	2.900000e-01	0.000000e+00	0.000000e+00	0.000000e+00	0.000000e+00	0.000000e+00	0.000000e+00	
2.900000e-01	3.000000e-01	0.000000e+00	0.000000e+00	0.000000e+00	0.000000e+00	0.000000e+00	5.531864e-01	
3.000000e-01	3.100000e-01	0.000000e+00	0.000000e+00	0.000000e+00	0.000000e+00	0.000000e+00	0.000000e+00	
3.100000e-01	3.200000e-01	0.000000e+00	0.000000e+00	0.000000e+00	0.000000e+00	0.000000e+00	0.000000e+00	
3.200000e-01	3.300000e-01	0.000000e+00	0.000000e+00	0.000000e+00	0.000000e+00	0.000000e+00	0.000000e+00	
3.300000e-01	3.400000e-01	0.000000e+00	0.000000e+00	0.000000e+00	0.000000e+00	0.000000e+00	0.000000e+00	
3.400000e-01	3.500000e-01	0.000000e+00	0.000000e+00	0.000000e+00	0.000000e+00	0.000000e+00	0.000000e+00	
3.500000e-01	3.600000e-01	0.000000e+00	0.000000e+00	0.000000e+00	0.000000e+00	0.000000e+00	0.000000e+00	
3.600000e-01	3.700000e-01	0.000000e+00	0.000000e+00	0.000000e+00	0.000000e+00	0.000000e+00	0.000000e+00	
3.700000e-01	3.800000e-01	0.000000e+00	0.000000e+00	0.000000e+00	0.000000e+00	0.000000e+00	0.000000e+00	
3.800000e-01	3.900000e-01	0.000000e+00	0.000000e+00	0.000000e+00	0.000000e+00	0.000000e+00	0.000000e+00	
3.900000e-01	4.000000e-01	0.000000e+00	0.000000e+00	0.000000e+00	0.000000e+00	0.000000e+00	0.000000e+00	
4.000000e-01	4.100000e-01	0.000000e+00	0.000000e+00	0.000000e+00	0.000000e+00	0.000000e+00	0.000000e+00	
4.100000e-01	4.200000e-01	0.000000e+00	0.000000e+00	0.000000e+00	0.000000e+00	0.000000e+00	0.000000e+00	
4.200000e-01	4.300000e-01	0.000000e+00	0.000000e+00	0.000000e+00	0.000000e+00	0.000000e+00	0.000000e+00	
4.300000e-01	4.400000e-01	0.000000e+00	0.000000e+00	0.000000e+00	0.000000e+00	0.000000e+00	0.000000e+00	
4.400000e-01	4.500000e-01	0.000000e+00	0.000000e+00	0.000000e+00	0.000000e+00	0.000000e+00	0.000000e+00	
4.500000e-01	4.600000e-01	0.000000e+00	0.000000e+00	0.000000e+00	0.000000e+00	0.000000e+00	0.000000e+00	
4.600000e-01	4.700000e-01	0.000000e+00	0.000000e+00	0.000000e+00	0.000000e+00	0.000000e+00	0.000000e+00	
4.700000e-01	4.800000e-01	0.000000e+00	0.000000e+00	0.000000e+00	0.000000e+00	0.000000e+00	0.000000e+00	
4.800000e-01	4.900000e-01	0.000000e+00	0.000000e+00	0.000000e+00	0.000000e+00	0.000000e+00	0.000000e+00	
4.900000e-01	5.000000e-01	0.000000e+00	0.000000e+00	0.000000e+00	0.000000e+00	0.000000e+00	0.000000e+00	
5.000000e-01	5.100000e-01	0.000000e+00	0.000000e+00	0.000000e+00	0.000000e+00	0.000000e+00	0.000000e+00	
5.100000e-01	5.200000e-01	0.000000e+00	0.000000e+00	0.000000e+00	0.000000e+00	0.000000e+00	0.000000e+00	
5.200000e-01	5.300000e-01	0.000000e+00	0.000000e+00	0.000000e+00	0.000000e+00	0.000000e+00	0.000000e+00	
5.300000e-01	5.400000e-01	0.000000e+00	0.000000e+00	0.000000e+00	0.000000e+00	0.000000e+00	0.000000e+00	
5.400000e-01	5.500000e-01	0.000000e+00	0.000000e+00	0.000000e+00	0.000000e+00	0.000000e+00	0.000000e+00	
5.500000e-01	5.600000e-01	0.000000e+00	0.000000e+00	0.000000e+00	0.000000e+00	0.000000e+00	0.000000e+00	
5.600000e-01	5.700000e-01	0.000000e+00	0.000000e+00	0.000000e+00	0.000000e+00	0.000000e+00	0.000000e+00	
5.700000e-01	5.800000e-01	0.000000e+00	0.000000e+00	0.000000e+00	0.000000e+00	0.000000e+00	0.000000e+00	
5.800000e-01	5.900000e-01	0.000000e+00	0.000000e+00	0.000000e+00	0.000000e+00	0.000000e+00	0.000000e+00	
5.900000e-01	6.000000e-01	0.000000e+00	0.000000e+00	0.000000e+00	0.000000e+00	0.000000e+00	0.000000e+00	
6.000000e-01	6.100000e-01	0.000000e+00	0.000000e+00	0.000000e+00	0.000000e+00	0.000000e+00	0.000000e+00	
6.100000e-01	6.200000e-01	0.000000e+00	0.000000e+00	0.000000e+00	0.000000e+00	0.000000e+00	0.000000e+00	
6.200000e-01	6.300000e-01	0.000000e+00	0.000000e+00	0.000000e+00	0.000000e+00	0.000000e+00	0.000000e+00	
6.300000e-01	6.400000e-01	0.000000e+00	0.000000e+00	0.000000e+00	0.000000e+00	0.000000e+00	0.000000e+00	
6.400000e-01	6.500000e-01	0.000000e+00	0.000000e+00	0.000000e+00	0.000000e+00	0.000000e+00	0.000000e+00	
6.500000e-01	6.600000e-01	0.000000e+00	0.000000e+00	0.000000e+00	0.000000e+00	0.000000e+00	0.000000e+00	
6.600000e-01	6.700000e-01	0.000000e+00	0.000000e+00	0.000000e+00	0.000000e+00	0.000000e+00	0.000000e+00	
6.700000e-01	6.800000e-01	0.000000e+00	0.000000e+00	0.000000e+00	0.000000e+00	0.000000e+00	0.000000e+00	
6.800000e-01	6.900000e-01	0.000000e+00	0.000000e+00	0.000000e+00	0.000000e+00	0.000000e+00	0.000000e+00	
6.900000e-01	7.000000e-01	0.000000e+00	0.000000e+00	0.000000e+00	0.000000e+00	0.000000e+00	0.000000e+00	
7.000000e-01	7.100000e-01	0.000000e+00	0.000000e+00	0.000000e+00	0.000000e+00	0.000000e+00	0.000000e+00	
7.100000e-01	7.200000e-01	0.000000e+00	0.000000e+00	0.000000e+00	0.000000e+00	0.000000e+00	0.000000e+00	
7.200000e-01	7.300000e-01	0.000000e+00	0.000000e+00	0.000000e+00	0.000000e+00	0.000000e+00	0.000000e+00	
7.300000e-01	7.400000e-01	0.000000e+00	0.000000e+00	0.000000e+00	0.000000e+00	0.000000e+00	0.000000e+00	
7.400000e-01	7.500000e-01	0.000000e+00	0.000000e+00	0.000000e+00	0.000000e+00	0.000000e+00	0.000000e+00	
7.500000e-01	7.600000e-01	0.000000e+00	0.000000e+00	0.000000e+00	0.000000e+00	0.000000e+00	0.000000e+00	
7.600000e-01	7.700000e-01	0.000000e+00	0.000000e+00	0.000000e+00	0.000000e+00	0.000000e+00	0.000000e+00	
7.700000e-01	7.800000e-01	0.000000e+00	0.000000e+00	0.000000e+00	0.000000e+00	0.000000e+00	0.000000e+00	
7.800000e-01	7.900000e-01	0.000000e+00	0.000000e+00	0.000000e+00	0.000000e+00	0.000000e+00	0.000000e+00	
7.900000e-01	8.000000e-01	0.000000e+00	0.000000e+00	0.000000e+00	0.000000e+00	0.000000e+00	0.000000e+00	
8.000000e-01	8.100000e-01	0.000000e+00	0.000000e+00	0.000000e+00	0.000000e+00	0.000000e+00	0.000000e+00	
8.100000e-01	8.200000e-01	0.000000e+00	0.000000e+00	0.000000e+00	0.000000e+00	0.000000e+00	0.000000e+00	
8.200000e-01	8.300000e-01	0.000000e+00	0.000000e+00	0.000000e+00	0.000000e+00	0.000000e+00	0.000000e+00	
8.300000e-01	8.400000e-01	0.000000e+00	0.000000e+00	0.000000e+00	0.000000e+00	0.000000e+00	0.000000e+00	
8.400000e-01	8.500000e-01	0.000000e+00	0.000000e+00	0.000000e+00	0.000000e+00	0.000000e+00	0.000000e+00	
8.500000e-01	8.600000e-01	0.000000e+00	0.000000e+00	0.000000e+00	0.000000e+00	0.000000e+00	0.000000e+00	
8.600000e-01	8.700000e-01	0.000000e+00	0.000000e+00	0.000000e+00	0.000000e+00	0.000000e+00	0.000000e+00	
8.700000e-01	8.800000e-01	0.000000e+00	0.000000e+00	0.000000e+00	0.000000e+00	0.000000e+00	0.000000e+00	
8.800000e-01	8.900000e-01	0.000000e+00	0.000000e+00	0.000000e+00	0.000000e+00	0.000000e+00	0.000000e+00	
8.900000e-01	9.000000e-01	0.000000e+00	0.000000e+00	0.000000e+00	0.000000e+00	0.000000e+00	0.000000e+00	
9.000000e-01	9.100000e-01	0.000000e+00	0.000000e+00	0.000000e+00	0.000000e+00	0.000000e+00	0.000000e+00	
9.100000e-01	9.200000e-01	0.000000e+00	0.000000e+00	0.000000e+00	0.000000e+00	0.000000e+00	0.000000e+00	
9.200000e-01	9.300000e-01	0.000000e+00	0.000000e+00	0.000000e+00	0.000000e+00	0.000000e+00	0.000000e+00	
9.300000e-01	9.400000e-01	0.000000e+00	0.000000e+00	0.000000e+00	0.000000e+00	0.000000e+00	0.000000e+00	
9.400000e-01	9.500000e-01	0.000000e+00	0.000000e+00	0.000000e+00	0.000000e+00	0.000000e+00	0.000000e+00	
9.500000e-01	9.600000e-01	0.000000e+00	0.000000e+00	0.000000e+00	0.000000e+00	0.000000e+00	0.000000e+00	
9.600000e-01	9.700000e-01	0.000000e+00	0.000000e+00	0.000000e+00	0.000000e+00	0.000000e+00	0.000000e+00	
9.700000e-01	9.800000e-01	0.000000e+00	0.000000e+00	0.000000e+00	0.000000e+00	0.000000e+00	0.000000e+00	
9.800000e-01	9.900000e-01	0.000000e+00	0.000000e+00	0.000000e+00	0.000000e+00	0.000000e+00	0.000000e+00	
9.900000e-01	1.000000e+00	0.000000e+00	0.000000e+00	0.000000e+00	0.000000e+00	0.000000e+00	0.000000e+00	
