# bin_edge_left	bin_edge_right	dN/d[mg/H]	dN/d[fe/H]	dN/d[o/H]	dN/d[fe/mg]	dN/d[o/mg]	dN/d[o/fe]	
-3.000000e+00	-2.990000e+00	0.000000e+00	0.000000e+00	0.000000e+00	0.000000e+00	0.000000e+00	0.000000e+00	
-2.990000e+00	-2.980000e+00	0.000000e+00	0.000000e+00	0.000000e+00	0.000000e+00	0.000000e+00	0.000000e+00	
-2.980000e+00	-2.970000e+00	0.000000e+00	0.000000e+00	0.000000e+00	0.000000e+00	0.000000e+00	0.000000e+00	
-2.970000e+00	-2.960000e+00	0.000000e+00	0.000000e+00	0.000000e+00	0.000000e+00	0.000000e+00	0.000000e+00	
-2.960000e+00	-2.950000e+00	0.000000e+00	0.000000e+00	0.000000e+00	0.000000e+00	0.000000e+00	0.000000e+00	
-2.950000e+00	-2.940000e+00	0.000000e+00	0.000000e+00	0.000000e+00	0.000000e+00	0.000000e+00	0.000000e+00	
-2.940000e+00	-2.930000e+00	0.000000e+00	0.000000e+00	0.000000e+00	0.000000e+00	0.000000e+00	0.000000e+00	
-2.930000e+00	-2.920000e+00	0.000000e+00	0.000000e+00	0.000000e+00	0.000000e+00	0.000000e+00	0.000000e+00	
-2.920000e+00	-2.910000e+00	0.000000e+00	0.000000e+00	0.000000e+00	0.000000e+00	0.000000e+00	0.000000e+00	
-2.910000e+00	-2.900000e+00	0.000000e+00	0.000000e+00	0.000000e+00	0.000000e+00	0.000000e+00	0.000000e+00	
-2.900000e+00	-2.890000e+00	0.000000e+00	0.000000e+00	0.000000e+00	0.000000e+00	0.000000e+00	0.000000e+00	
-2.890000e+00	-2.880000e+00	0.000000e+00	0.000000e+00	0.000000e+00	0.000000e+00	0.000000e+00	0.000000e+00	
-2.880000e+00	-2.870000e+00	0.000000e+00	0.000000e+00	0.000000e+00	0.000000e+00	0.000000e+00	0.000000e+00	
-2.870000e+00	-2.860000e+00	0.000000e+00	0.000000e+00	0.000000e+00	0.000000e+00	0.000000e+00	0.000000e+00	
-2.860000e+00	-2.850000e+00	0.000000e+00	0.000000e+00	0.000000e+00	0.000000e+00	0.000000e+00	0.000000e+00	
-2.850000e+00	-2.840000e+00	0.000000e+00	0.000000e+00	0.000000e+00	0.000000e+00	0.000000e+00	0.000000e+00	
-2.840000e+00	-2.830000e+00	0.000000e+00	0.000000e+00	0.000000e+00	0.000000e+00	0.000000e+00	0.000000e+00	
-2.830000e+00	-2.820000e+00	0.000000e+00	0.000000e+00	0.000000e+00	0.000000e+00	0.000000e+00	0.000000e+00	
-2.820000e+00	-2.810000e+00	0.000000e+00	0.000000e+00	0.000000e+00	0.000000e+00	0.000000e+00	0.000000e+00	
-2.810000e+00	-2.800000e+00	0.000000e+00	0.000000e+00	0.000000e+00	0.000000e+00	0.000000e+00	0.000000e+00	
-2.800000e+00	-2.790000e+00	0.000000e+00	0.000000e+00	0.000000e+00	0.000000e+00	0.000000e+00	0.000000e+00	
-2.790000e+00	-2.780000e+00	0.000000e+00	0.000000e+00	0.000000e+00	0.000000e+00	0.000000e+00	0.000000e+00	
-2.780000e+00	-2.770000e+00	0.000000e+00	0.000000e+00	0.000000e+00	0.000000e+00	0.000000e+00	0.000000e+00	
-2.770000e+00	-2.760000e+00	0.000000e+00	0.000000e+00	0.000000e+00	0.000000e+00	0.000000e+00	0.000000e+00	
-2.760000e+00	-2.750000e+00	0.000000e+00	0.000000e+00	0.000000e+00	0.000000e+00	0.000000e+00	0.000000e+00	
-2.750000e+00	-2.740000e+00	0.000000e+00	0.000000e+00	0.000000e+00	0.000000e+00	0.000000e+00	0.000000e+00	
-2.740000e+00	-2.730000e+00	0.000000e+00	0.000000e+00	0.000000e+00	0.000000e+00	0.000000e+00	0.000000e+00	
-2.730000e+00	-2.720000e+00	0.000000e+00	0.000000e+00	0.000000e+00	0.000000e+00	0.000000e+00	0.000000e+00	
-2.720000e+00	-2.710000e+00	0.000000e+00	0.000000e+00	0.000000e+00	0.000000e+00	0.000000e+00	0.000000e+00	
-2.710000e+00	-2.700000e+00	0.000000e+00	0.000000e+00	0.000000e+00	0.000000e+00	0.000000e+00	0.000000e+00	
-2.700000e+00	-2.690000e+00	0.000000e+00	0.000000e+00	0.000000e+00	0.000000e+00	0.000000e+00	0.000000e+00	
-2.690000e+00	-2.680000e+00	0.000000e+00	0.000000e+00	0.000000e+00	0.000000e+00	0.000000e+00	0.000000e+00	
-2.680000e+00	-2.670000e+00	0.000000e+00	0.000000e+00	0.000000e+00	0.000000e+00	0.000000e+00	0.000000e+00	
-2.670000e+00	-2.660000e+00	0.000000e+00	0.000000e+00	0.000000e+00	0.000000e+00	0.000000e+00	0.000000e+00	
-2.660000e+00	-2.650000e+00	0.000000e+00	0.000000e+00	0.000000e+00	0.000000e+00	0.000000e+00	0.000000e+00	
-2.650000e+00	-2.640000e+00	0.000000e+00	0.000000e+00	0.000000e+00	0.000000e+00	0.000000e+00	0.000000e+00	
-2.640000e+00	-2.630000e+00	0.000000e+00	0.000000e+00	0.000000e+00	0.000000e+00	0.000000e+00	0.000000e+00	
-2.630000e+00	-2.620000e+00	0.000000e+00	0.000000e+00	0.000000e+00	0.000000e+00	0.000000e+00	0.000000e+00	
-2.620000e+00	-2.610000e+00	0.000000e+00	0.000000e+00	0.000000e+00	0.000000e+00	0.000000e+00	0.000000e+00	
-2.610000e+00	-2.600000e+00	0.000000e+00	0.000000e+00	0.000000e+00	0.000000e+00	0.000000e+00	0.000000e+00	
-2.600000e+00	-2.590000e+00	0.000000e+00	0.000000e+00	0.000000e+00	0.000000e+00	0.000000e+00	0.000000e+00	
-2.590000e+00	-2.580000e+00	0.000000e+00	0.000000e+00	0.000000e+00	0.000000e+00	0.000000e+00	0.000000e+00	
-2.580000e+00	-2.570000e+00	0.000000e+00	0.000000e+00	0.000000e+00	0.000000e+00	0.000000e+00	0.000000e+00	
-2.570000e+00	-2.560000e+00	0.000000e+00	1.019133e-01	0.000000e+00	0.000000e+00	0.000000e+00	0.000000e+00	
-2.560000e+00	-2.550000e+00	0.000000e+00	0.000000e+00	0.000000e+00	0.000000e+00	0.000000e+00	0.000000e+00	
-2.550000e+00	-2.540000e+00	0.000000e+00	0.000000e+00	0.000000e+00	0.000000e+00	0.000000e+00	0.000000e+00	
-2.540000e+00	-2.530000e+00	0.000000e+00	0.000000e+00	0.000000e+00	0.000000e+00	0.000000e+00	0.000000e+00	
-2.530000e+00	-2.520000e+00	0.000000e+00	0.000000e+00	0.000000e+00	0.000000e+00	0.000000e+00	0.000000e+00	
-2.520000e+00	-2.510000e+00	0.000000e+00	0.000000e+00	0.000000e+00	0.000000e+00	0.000000e+00	0.000000e+00	
-2.510000e+00	-2.500000e+00	0.000000e+00	0.000000e+00	0.000000e+00	0.000000e+00	0.000000e+00	0.000000e+00	
-2.500000e+00	-2.490000e+00	0.000000e+00	0.000000e+00	0.000000e+00	0.000000e+00	0.000000e+00	0.000000e+00	
-2.490000e+00	-2.480000e+00	0.000000e+00	0.000000e+00	0.000000e+00	0.000000e+00	0.000000e+00	0.000000e+00	
-2.480000e+00	-2.470000e+00	0.000000e+00	0.000000e+00	0.000000e+00	0.000000e+00	0.000000e+00	0.000000e+00	
-2.470000e+00	-2.460000e+00	0.000000e+00	0.000000e+00	0.000000e+00	0.000000e+00	0.000000e+00	0.000000e+00	
-2.460000e+00	-2.450000e+00	0.000000e+00	0.000000e+00	0.000000e+00	0.000000e+00	0.000000e+00	0.000000e+00	
-2.450000e+00	-2.440000e+00	0.000000e+00	0.000000e+00	0.000000e+00	0.000000e+00	0.000000e+00	0.000000e+00	
-2.440000e+00	-2.430000e+00	0.000000e+00	0.000000e+00	0.000000e+00	0.000000e+00	0.000000e+00	0.000000e+00	
-2.430000e+00	-2.420000e+00	0.000000e+00	0.000000e+00	0.000000e+00	0.000000e+00	0.000000e+00	0.000000e+00	
-2.420000e+00	-2.410000e+00	0.000000e+00	0.000000e+00	0.000000e+00	0.000000e+00	0.000000e+00	0.000000e+00	
-2.410000e+00	-2.400000e+00	0.000000e+00	0.000000e+00	0.000000e+00	0.000000e+00	0.000000e+00	0.000000e+00	
-2.400000e+00	-2.390000e+00	0.000000e+00	0.000000e+00	0.000000e+00	0.000000e+00	0.000000e+00	0.000000e+00	
-2.390000e+00	-2.380000e+00	0.000000e+00	0.000000e+00	0.000000e+00	0.000000e+00	0.000000e+00	0.000000e+00	
-2.380000e+00	-2.370000e+00	1.019133e-01	0.000000e+00	0.000000e+00	0.000000e+00	0.000000e+00	0.000000e+00	
-2.370000e+00	-2.360000e+00	0.000000e+00	0.000000e+00	0.000000e+00	0.000000e+00	0.000000e+00	0.000000e+00	
-2.360000e+00	-2.350000e+00	0.000000e+00	0.000000e+00	0.000000e+00	0.000000e+00	0.000000e+00	0.000000e+00	
-2.350000e+00	-2.340000e+00	0.000000e+00	0.000000e+00	0.000000e+00	0.000000e+00	0.000000e+00	0.000000e+00	
-2.340000e+00	-2.330000e+00	0.000000e+00	0.000000e+00	0.000000e+00	0.000000e+00	0.000000e+00	0.000000e+00	
-2.330000e+00	-2.320000e+00	0.000000e+00	0.000000e+00	0.000000e+00	0.000000e+00	0.000000e+00	0.000000e+00	
-2.320000e+00	-2.310000e+00	0.000000e+00	0.000000e+00	0.000000e+00	0.000000e+00	0.000000e+00	0.000000e+00	
-2.310000e+00	-2.300000e+00	0.000000e+00	0.000000e+00	0.000000e+00	0.000000e+00	0.000000e+00	0.000000e+00	
-2.300000e+00	-2.290000e+00	0.000000e+00	0.000000e+00	0.000000e+00	0.000000e+00	0.000000e+00	0.000000e+00	
-2.290000e+00	-2.280000e+00	0.000000e+00	0.000000e+00	0.000000e+00	0.000000e+00	0.000000e+00	0.000000e+00	
-2.280000e+00	-2.270000e+00	0.000000e+00	0.000000e+00	0.000000e+00	0.000000e+00	0.000000e+00	0.000000e+00	
-2.270000e+00	-2.260000e+00	0.000000e+00	1.019133e-01	0.000000e+00	0.000000e+00	0.000000e+00	0.000000e+00	
-2.260000e+00	-2.250000e+00	0.000000e+00	0.000000e+00	0.000000e+00	0.000000e+00	0.000000e+00	0.000000e+00	
-2.250000e+00	-2.240000e+00	0.000000e+00	0.000000e+00	0.000000e+00	0.000000e+00	0.000000e+00	0.000000e+00	
-2.240000e+00	-2.230000e+00	0.000000e+00	0.000000e+00	0.000000e+00	0.000000e+00	0.000000e+00	0.000000e+00	
-2.230000e+00	-2.220000e+00	0.000000e+00	0.000000e+00	0.000000e+00	0.000000e+00	0.000000e+00	0.000000e+00	
-2.220000e+00	-2.210000e+00	0.000000e+00	0.000000e+00	0.000000e+00	0.000000e+00	0.000000e+00	0.000000e+00	
-2.210000e+00	-2.200000e+00	0.000000e+00	0.000000e+00	0.000000e+00	0.000000e+00	0.000000e+00	0.000000e+00	
-2.200000e+00	-2.190000e+00	0.000000e+00	0.000000e+00	0.000000e+00	0.000000e+00	0.000000e+00	0.000000e+00	
-2.190000e+00	-2.180000e+00	0.000000e+00	0.000000e+00	0.000000e+00	0.000000e+00	0.000000e+00	0.000000e+00	
-2.180000e+00	-2.170000e+00	0.000000e+00	0.000000e+00	0.000000e+00	0.000000e+00	0.000000e+00	0.000000e+00	
-2.170000e+00	-2.160000e+00	0.000000e+00	0.000000e+00	0.000000e+00	0.000000e+00	0.000000e+00	0.000000e+00	
-2.160000e+00	-2.150000e+00	0.000000e+00	0.000000e+00	0.000000e+00	0.000000e+00	0.000000e+00	0.000000e+00	
-2.150000e+00	-2.140000e+00	0.000000e+00	0.000000e+00	0.000000e+00	0.000000e+00	0.000000e+00	0.000000e+00	
-2.140000e+00	-2.130000e+00	0.000000e+00	0.000000e+00	0.000000e+00	0.000000e+00	0.000000e+00	0.000000e+00	
-2.130000e+00	-2.120000e+00	0.000000e+00	0.000000e+00	0.000000e+00	0.000000e+00	0.000000e+00	0.000000e+00	
-2.120000e+00	-2.110000e+00	0.000000e+00	0.000000e+00	1.019133e-01	0.000000e+00	0.000000e+00	0.000000e+00	
-2.110000e+00	-2.100000e+00	0.000000e+00	1.019133e-01	0.000000e+00	0.000000e+00	0.000000e+00	0.000000e+00	
-2.100000e+00	-2.090000e+00	0.000000e+00	0.000000e+00	0.000000e+00	0.000000e+00	0.000000e+00	0.000000e+00	
-2.090000e+00	-2.080000e+00	1.019133e-01	0.000000e+00	0.000000e+00	0.000000e+00	0.000000e+00	0.000000e+00	
-2.080000e+00	-2.070000e+00	0.000000e+00	0.000000e+00	0.000000e+00	0.000000e+00	0.000000e+00	0.000000e+00	
-2.070000e+00	-2.060000e+00	0.000000e+00	0.000000e+00	0.000000e+00	0.000000e+00	0.000000e+00	0.000000e+00	
-2.060000e+00	-2.050000e+00	0.000000e+00	0.000000e+00	0.000000e+00	0.000000e+00	0.000000e+00	0.000000e+00	
-2.050000e+00	-2.040000e+00	0.000000e+00	0.000000e+00	0.000000e+00	0.000000e+00	0.000000e+00	0.000000e+00	
-2.040000e+00	-2.030000e+00	0.000000e+00	0.000000e+00	0.000000e+00	0.000000e+00	0.000000e+00	0.000000e+00	
-2.030000e+00	-2.020000e+00	0.000000e+00	0.000000e+00	0.000000e+00	0.000000e+00	0.000000e+00	0.000000e+00	
-2.020000e+00	-2.010000e+00	0.000000e+00	0.000000e+00	0.000000e+00	0.000000e+00	0.000000e+00	0.000000e+00	
-2.010000e+00	-2.000000e+00	0.000000e+00	0.000000e+00	0.000000e+00	0.000000e+00	0.000000e+00	0.000000e+00	
-2.000000e+00	-1.990000e+00	0.000000e+00	0.000000e+00	0.000000e+00	0.000000e+00	0.000000e+00	0.000000e+00	
-1.990000e+00	-1.980000e+00	0.000000e+00	1.019133e-01	0.000000e+00	0.000000e+00	0.000000e+00	0.000000e+00	
-1.980000e+00	-1.970000e+00	0.000000e+00	0.000000e+00	0.000000e+00	0.000000e+00	0.000000e+00	0.000000e+00	
-1.970000e+00	-1.960000e+00	0.000000e+00	0.000000e+00	0.000000e+00	0.000000e+00	0.000000e+00	0.000000e+00	
-1.960000e+00	-1.950000e+00	0.000000e+00	0.000000e+00	0.000000e+00	0.000000e+00	0.000000e+00	0.000000e+00	
-1.950000e+00	-1.940000e+00	0.000000e+00	0.000000e+00	0.000000e+00	0.000000e+00	0.000000e+00	0.000000e+00	
-1.940000e+00	-1.930000e+00	0.000000e+00	0.000000e+00	0.000000e+00	0.000000e+00	0.000000e+00	0.000000e+00	
-1.930000e+00	-1.920000e+00	0.000000e+00	0.000000e+00	0.000000e+00	0.000000e+00	0.000000e+00	0.000000e+00	
-1.920000e+00	-1.910000e+00	1.019133e-01	0.000000e+00	0.000000e+00	0.000000e+00	0.000000e+00	0.000000e+00	
-1.910000e+00	-1.900000e+00	0.000000e+00	0.000000e+00	0.000000e+00	0.000000e+00	0.000000e+00	0.000000e+00	
-1.900000e+00	-1.890000e+00	0.000000e+00	1.019133e-01	0.000000e+00	0.000000e+00	0.000000e+00	0.000000e+00	
-1.890000e+00	-1.880000e+00	0.000000e+00	0.000000e+00	0.000000e+00	0.000000e+00	0.000000e+00	0.000000e+00	
-1.880000e+00	-1.870000e+00	0.000000e+00	0.000000e+00	0.000000e+00	0.000000e+00	0.000000e+00	0.000000e+00	
-1.870000e+00	-1.860000e+00	0.000000e+00	0.000000e+00	0.000000e+00	0.000000e+00	0.000000e+00	0.000000e+00	
-1.860000e+00	-1.850000e+00	0.000000e+00	0.000000e+00	0.000000e+00	0.000000e+00	0.000000e+00	0.000000e+00	
-1.850000e+00	-1.840000e+00	0.000000e+00	0.000000e+00	0.000000e+00	0.000000e+00	0.000000e+00	0.000000e+00	
-1.840000e+00	-1.830000e+00	0.000000e+00	0.000000e+00	0.000000e+00	0.000000e+00	0.000000e+00	0.000000e+00	
-1.830000e+00	-1.820000e+00	0.000000e+00	1.019133e-01	0.000000e+00	0.000000e+00	0.000000e+00	0.000000e+00	
-1.820000e+00	-1.810000e+00	0.000000e+00	0.000000e+00	1.019133e-01	0.000000e+00	0.000000e+00	0.000000e+00	
-1.810000e+00	-1.800000e+00	1.019133e-01	0.000000e+00	0.000000e+00	0.000000e+00	0.000000e+00	0.000000e+00	
-1.800000e+00	-1.790000e+00	0.000000e+00	0.000000e+00	0.000000e+00	0.000000e+00	0.000000e+00	0.000000e+00	
-1.790000e+00	-1.780000e+00	0.000000e+00	0.000000e+00	0.000000e+00	0.000000e+00	0.000000e+00	0.000000e+00	
-1.780000e+00	-1.770000e+00	0.000000e+00	0.000000e+00	0.000000e+00	0.000000e+00	0.000000e+00	0.000000e+00	
-1.770000e+00	-1.760000e+00	0.000000e+00	1.019133e-01	0.000000e+00	0.000000e+00	0.000000e+00	0.000000e+00	
-1.760000e+00	-1.750000e+00	0.000000e+00	0.000000e+00	0.000000e+00	0.000000e+00	0.000000e+00	0.000000e+00	
-1.750000e+00	-1.740000e+00	0.000000e+00	0.000000e+00	0.000000e+00	0.000000e+00	0.000000e+00	0.000000e+00	
-1.740000e+00	-1.730000e+00	0.000000e+00	0.000000e+00	0.000000e+00	0.000000e+00	0.000000e+00	0.000000e+00	
-1.730000e+00	-1.720000e+00	0.000000e+00	0.000000e+00	0.000000e+00	0.000000e+00	0.000000e+00	0.000000e+00	
-1.720000e+00	-1.710000e+00	1.019133e-01	1.019133e-01	0.000000e+00	0.000000e+00	0.000000e+00	0.000000e+00	
-1.710000e+00	-1.700000e+00	0.000000e+00	0.000000e+00	0.000000e+00	0.000000e+00	0.000000e+00	0.000000e+00	
-1.700000e+00	-1.690000e+00	0.000000e+00	0.000000e+00	0.000000e+00	0.000000e+00	0.000000e+00	0.000000e+00	
-1.690000e+00	-1.680000e+00	0.000000e+00	0.000000e+00	0.000000e+00	0.000000e+00	0.000000e+00	0.000000e+00	
-1.680000e+00	-1.670000e+00	0.000000e+00	1.019133e-01	0.000000e+00	0.000000e+00	0.000000e+00	0.000000e+00	
-1.670000e+00	-1.660000e+00	0.000000e+00	0.000000e+00	0.000000e+00	0.000000e+00	0.000000e+00	0.000000e+00	
-1.660000e+00	-1.650000e+00	0.000000e+00	0.000000e+00	1.019133e-01	0.000000e+00	0.000000e+00	0.000000e+00	
-1.650000e+00	-1.640000e+00	1.019133e-01	0.000000e+00	0.000000e+00	0.000000e+00	0.000000e+00	0.000000e+00	
-1.640000e+00	-1.630000e+00	0.000000e+00	1.019133e-01	0.000000e+00	0.000000e+00	0.000000e+00	0.000000e+00	
-1.630000e+00	-1.620000e+00	0.000000e+00	0.000000e+00	0.000000e+00	0.000000e+00	0.000000e+00	0.000000e+00	
-1.620000e+00	-1.610000e+00	0.000000e+00	0.000000e+00	0.000000e+00	0.000000e+00	0.000000e+00	0.000000e+00	
-1.610000e+00	-1.600000e+00	0.000000e+00	0.000000e+00	0.000000e+00	0.000000e+00	0.000000e+00	0.000000e+00	
-1.600000e+00	-1.590000e+00	0.000000e+00	1.019133e-01	0.000000e+00	0.000000e+00	0.000000e+00	0.000000e+00	
-1.590000e+00	-1.580000e+00	1.019133e-01	0.000000e+00	0.000000e+00	0.000000e+00	0.000000e+00	0.000000e+00	
-1.580000e+00	-1.570000e+00	0.000000e+00	0.000000e+00	0.000000e+00	0.000000e+00	0.000000e+00	0.000000e+00	
-1.570000e+00	-1.560000e+00	0.000000e+00	0.000000e+00	0.000000e+00	0.000000e+00	0.000000e+00	0.000000e+00	
-1.560000e+00	-1.550000e+00	0.000000e+00	1.019133e-01	0.000000e+00	0.000000e+00	0.000000e+00	0.000000e+00	
-1.550000e+00	-1.540000e+00	0.000000e+00	0.000000e+00	0.000000e+00	0.000000e+00	0.000000e+00	0.000000e+00	
-1.540000e+00	-1.530000e+00	1.019133e-01	0.000000e+00	1.019133e-01	0.000000e+00	0.000000e+00	0.000000e+00	
-1.530000e+00	-1.520000e+00	0.000000e+00	1.019133e-01	0.000000e+00	0.000000e+00	0.000000e+00	0.000000e+00	
-1.520000e+00	-1.510000e+00	0.000000e+00	0.000000e+00	0.000000e+00	0.000000e+00	0.000000e+00	0.000000e+00	
-1.510000e+00	-1.500000e+00	0.000000e+00	0.000000e+00	0.000000e+00	0.000000e+00	0.000000e+00	0.000000e+00	
-1.500000e+00	-1.490000e+00	1.019133e-01	1.019133e-01	0.000000e+00	0.000000e+00	0.000000e+00	0.000000e+00	
-1.490000e+00	-1.480000e+00	0.000000e+00	0.000000e+00	0.000000e+00	0.000000e+00	0.000000e+00	0.000000e+00	
-1.480000e+00	-1.470000e+00	0.000000e+00	0.000000e+00	0.000000e+00	0.000000e+00	0.000000e+00	0.000000e+00	
-1.470000e+00	-1.460000e+00	0.000000e+00	1.019133e-01	0.000000e+00	0.000000e+00	0.000000e+00	0.000000e+00	
-1.460000e+00	-1.450000e+00	1.019133e-01	0.000000e+00	0.000000e+00	0.000000e+00	0.000000e+00	0.000000e+00	
-1.450000e+00	-1.440000e+00	0.000000e+00	0.000000e+00	1.019133e-01	0.000000e+00	0.000000e+00	0.000000e+00	
-1.440000e+00	-1.430000e+00	0.000000e+00	1.019133e-01	0.000000e+00	0.000000e+00	0.000000e+00	0.000000e+00	
-1.430000e+00	-1.420000e+00	1.019133e-01	0.000000e+00	0.000000e+00	0.000000e+00	0.000000e+00	0.000000e+00	
-1.420000e+00	-1.410000e+00	0.000000e+00	1.019133e-01	0.000000e+00	0.000000e+00	0.000000e+00	0.000000e+00	
-1.410000e+00	-1.400000e+00	0.000000e+00	0.000000e+00	0.000000e+00	0.000000e+00	0.000000e+00	0.000000e+00	
-1.400000e+00	-1.390000e+00	1.019133e-01	1.019133e-01	0.000000e+00	0.000000e+00	0.000000e+00	0.000000e+00	
-1.390000e+00	-1.380000e+00	0.000000e+00	0.000000e+00	0.000000e+00	0.000000e+00	0.000000e+00	0.000000e+00	
-1.380000e+00	-1.370000e+00	0.000000e+00	0.000000e+00	1.019133e-01	0.000000e+00	0.000000e+00	0.000000e+00	
-1.370000e+00	-1.360000e+00	1.019133e-01	1.019133e-01	0.000000e+00	0.000000e+00	0.000000e+00	0.000000e+00	
-1.360000e+00	-1.350000e+00	0.000000e+00	0.000000e+00	0.000000e+00	0.000000e+00	0.000000e+00	0.000000e+00	
-1.350000e+00	-1.340000e+00	1.019133e-01	1.019133e-01	0.000000e+00	0.000000e+00	0.000000e+00	0.000000e+00	
-1.340000e+00	-1.330000e+00	0.000000e+00	1.019133e-01	0.000000e+00	0.000000e+00	0.000000e+00	0.000000e+00	
-1.330000e+00	-1.320000e+00	0.000000e+00	0.000000e+00	0.000000e+00	0.000000e+00	0.000000e+00	0.000000e+00	
-1.320000e+00	-1.310000e+00	1.019133e-01	1.019133e-01	1.019133e-01	0.000000e+00	0.000000e+00	0.000000e+00	
-1.310000e+00	-1.300000e+00	0.000000e+00	0.000000e+00	0.000000e+00	0.000000e+00	0.000000e+00	0.000000e+00	
-1.300000e+00	-1.290000e+00	1.019133e-01	1.019133e-01	0.000000e+00	0.000000e+00	0.000000e+00	0.000000e+00	
-1.290000e+00	-1.280000e+00	1.019133e-01	0.000000e+00	0.000000e+00	0.000000e+00	0.000000e+00	0.000000e+00	
-1.280000e+00	-1.270000e+00	0.000000e+00	1.019133e-01	0.000000e+00	0.000000e+00	0.000000e+00	0.000000e+00	
-1.270000e+00	-1.260000e+00	1.019133e-01	1.019133e-01	1.019133e-01	0.000000e+00	0.000000e+00	0.000000e+00	
-1.260000e+00	-1.250000e+00	0.000000e+00	1.019133e-01	0.000000e+00	0.000000e+00	0.000000e+00	0.000000e+00	
-1.250000e+00	-1.240000e+00	1.019133e-01	0.000000e+00	0.000000e+00	0.000000e+00	0.000000e+00	0.000000e+00	
-1.240000e+00	-1.230000e+00	1.019133e-01	1.019133e-01	0.000000e+00	0.000000e+00	0.000000e+00	0.000000e+00	
-1.230000e+00	-1.220000e+00	1.019133e-01	1.019133e-01	1.019133e-01	0.000000e+00	0.000000e+00	0.000000e+00	
-1.220000e+00	-1.210000e+00	0.000000e+00	1.019133e-01	0.000000e+00	0.000000e+00	0.000000e+00	0.000000e+00	
-1.210000e+00	-1.200000e+00	1.019133e-01	0.000000e+00	0.000000e+00	0.000000e+00	0.000000e+00	0.000000e+00	
-1.200000e+00	-1.190000e+00	1.019133e-01	1.019133e-01	0.000000e+00	0.000000e+00	0.000000e+00	0.000000e+00	
-1.190000e+00	-1.180000e+00	1.019133e-01	1.019133e-01	1.019133e-01	0.000000e+00	0.000000e+00	0.000000e+00	
-1.180000e+00	-1.170000e+00	1.019133e-01	1.019133e-01	0.000000e+00	0.000000e+00	0.000000e+00	0.000000e+00	
-1.170000e+00	-1.160000e+00	1.019133e-01	1.019133e-01	0.000000e+00	0.000000e+00	0.000000e+00	0.000000e+00	
-1.160000e+00	-1.150000e+00	1.019133e-01	1.019133e-01	1.019133e-01	0.000000e+00	0.000000e+00	0.000000e+00	
-1.150000e+00	-1.140000e+00	1.019133e-01	1.019133e-01	0.000000e+00	0.000000e+00	0.000000e+00	0.000000e+00	
-1.140000e+00	-1.130000e+00	2.038266e-01	2.038266e-01	0.000000e+00	0.000000e+00	0.000000e+00	0.000000e+00	
-1.130000e+00	-1.120000e+00	1.019133e-01	1.019133e-01	1.019133e-01	0.000000e+00	0.000000e+00	0.000000e+00	
-1.120000e+00	-1.110000e+00	2.038266e-01	1.019133e-01	0.000000e+00	0.000000e+00	0.000000e+00	0.000000e+00	
-1.110000e+00	-1.100000e+00	2.038266e-01	2.038266e-01	0.000000e+00	0.000000e+00	0.000000e+00	0.000000e+00	
-1.100000e+00	-1.090000e+00	1.019133e-01	1.019133e-01	1.019133e-01	0.000000e+00	0.000000e+00	0.000000e+00	
-1.090000e+00	-1.080000e+00	3.057399e-01	1.019133e-01	0.000000e+00	0.000000e+00	0.000000e+00	0.000000e+00	
-1.080000e+00	-1.070000e+00	2.038266e-01	2.038266e-01	1.019133e-01	0.000000e+00	0.000000e+00	0.000000e+00	
-1.070000e+00	-1.060000e+00	3.057399e-01	2.038266e-01	0.000000e+00	0.000000e+00	0.000000e+00	0.000000e+00	
-1.060000e+00	-1.050000e+00	3.057399e-01	2.038266e-01	1.019133e-01	0.000000e+00	0.000000e+00	0.000000e+00	
-1.050000e+00	-1.040000e+00	3.057399e-01	2.038266e-01	0.000000e+00	0.000000e+00	0.000000e+00	0.000000e+00	
-1.040000e+00	-1.030000e+00	4.076532e-01	2.038266e-01	1.019133e-01	0.000000e+00	0.000000e+00	0.000000e+00	
-1.030000e+00	-1.020000e+00	6.114798e-01	2.038266e-01	0.000000e+00	0.000000e+00	0.000000e+00	0.000000e+00	
-1.020000e+00	-1.010000e+00	7.133931e-01	2.038266e-01	1.019133e-01	0.000000e+00	0.000000e+00	0.000000e+00	
-1.010000e+00	-1.000000e+00	2.038266e-01	3.057399e-01	0.000000e+00	0.000000e+00	0.000000e+00	0.000000e+00	
-1.000000e+00	-9.900000e-01	0.000000e+00	2.038266e-01	1.019133e-01	0.000000e+00	0.000000e+00	0.000000e+00	
-9.900000e-01	-9.800000e-01	5.758102e+00	3.057399e-01	1.019133e-01	0.000000e+00	0.000000e+00	0.000000e+00	
-9.800000e-01	-9.700000e-01	7.940859e+00	2.038266e-01	0.000000e+00	0.000000e+00	0.000000e+00	0.000000e+00	
-9.700000e-01	-9.600000e-01	2.949189e+00	2.038266e-01	1.019133e-01	0.000000e+00	0.000000e+00	0.000000e+00	
-9.600000e-01	-9.500000e-01	2.588732e+00	0.000000e+00	1.019133e-01	0.000000e+00	0.000000e+00	0.000000e+00	
-9.500000e-01	-9.400000e-01	2.063391e+00	0.000000e+00	1.019133e-01	0.000000e+00	0.000000e+00	0.000000e+00	
-9.400000e-01	-9.300000e-01	2.976817e+00	7.133931e-01	0.000000e+00	0.000000e+00	0.000000e+00	0.000000e+00	
-9.300000e-01	-9.200000e-01	2.156764e+00	1.732526e+00	1.019133e-01	0.000000e+00	0.000000e+00	0.000000e+00	
-9.200000e-01	-9.100000e-01	3.394549e+00	7.643498e-01	1.019133e-01	0.000000e+00	0.000000e+00	0.000000e+00	
-9.100000e-01	-9.000000e-01	1.690986e+00	7.133931e-01	1.019133e-01	0.000000e+00	0.000000e+00	0.000000e+00	
-9.000000e-01	-8.900000e-01	2.371228e+00	8.627152e-01	1.019133e-01	0.000000e+00	0.000000e+00	0.000000e+00	
-8.900000e-01	-8.800000e-01	2.289666e+00	7.133931e-01	2.038266e-01	0.000000e+00	0.000000e+00	0.000000e+00	
-8.800000e-01	-8.700000e-01	4.727674e+00	8.153064e-01	1.019133e-01	0.000000e+00	0.000000e+00	0.000000e+00	
-8.700000e-01	-8.600000e-01	3.484695e+00	3.139297e+00	1.019133e-01	0.000000e+00	0.000000e+00	0.000000e+00	
-8.600000e-01	-8.500000e-01	2.161024e+00	1.157549e+00	2.038266e-01	0.000000e+00	0.000000e+00	0.000000e+00	
-8.500000e-01	-8.400000e-01	3.077656e+00	1.114189e+00	1.019133e-01	0.000000e+00	0.000000e+00	0.000000e+00	
-8.400000e-01	-8.300000e-01	2.271514e+00	1.019133e-01	2.038266e-01	0.000000e+00	0.000000e+00	0.000000e+00	
-8.300000e-01	-8.200000e-01	4.740911e+00	1.037136e+00	2.038266e-01	0.000000e+00	0.000000e+00	0.000000e+00	
-8.200000e-01	-8.100000e-01	2.925581e+00	8.482887e-01	2.038266e-01	0.000000e+00	0.000000e+00	0.000000e+00	
-8.100000e-01	-8.000000e-01	3.744131e+00	7.342784e-01	3.057399e-01	0.000000e+00	0.000000e+00	0.000000e+00	
-8.000000e-01	-7.900000e-01	1.130871e+00	9.450797e-01	2.038266e-01	0.000000e+00	0.000000e+00	0.000000e+00	
-7.900000e-01	-7.800000e-01	5.506541e+00	6.268730e-01	4.076532e-01	0.000000e+00	0.000000e+00	0.000000e+00	
-7.800000e-01	-7.700000e-01	5.998497e+00	6.905857e-01	3.057399e-01	0.000000e+00	0.000000e+00	0.000000e+00	
-7.700000e-01	-7.600000e-01	3.869777e+00	7.557328e-01	5.095665e-01	0.000000e+00	0.000000e+00	0.000000e+00	
-7.600000e-01	-7.500000e-01	0.000000e+00	1.694873e+00	6.114798e-01	0.000000e+00	0.000000e+00	0.000000e+00	
-7.500000e-01	-7.400000e-01	9.191815e-01	2.341430e+00	7.133931e-01	0.000000e+00	0.000000e+00	0.000000e+00	
-7.400000e-01	-7.300000e-01	0.000000e+00	3.303586e+00	0.000000e+00	0.000000e+00	0.000000e+00	0.000000e+00	
-7.300000e-01	-7.200000e-01	2.219579e+00	2.785908e+00	0.000000e+00	0.000000e+00	0.000000e+00	0.000000e+00	
-7.200000e-01	-7.100000e-01	0.000000e+00	6.330768e+00	1.115951e+01	0.000000e+00	0.000000e+00	0.000000e+00	
-7.100000e-01	-7.000000e-01	0.000000e+00	3.031994e+00	2.766664e+00	0.000000e+00	0.000000e+00	0.000000e+00	
-7.000000e-01	-6.900000e-01	0.000000e+00	5.408139e+00	3.638802e+00	0.000000e+00	0.000000e+00	0.000000e+00	
-6.900000e-01	-6.800000e-01	1.460950e+00	4.440112e+00	2.423404e+00	0.000000e+00	0.000000e+00	0.000000e+00	
-6.800000e-01	-6.700000e-01	0.000000e+00	4.416587e+00	2.480106e+00	0.000000e+00	0.000000e+00	0.000000e+00	
-6.700000e-01	-6.600000e-01	0.000000e+00	5.415418e+00	1.916932e+00	0.000000e+00	0.000000e+00	0.000000e+00	
-6.600000e-01	-6.500000e-01	0.000000e+00	3.710306e+00	3.120344e+00	0.000000e+00	0.000000e+00	0.000000e+00	
-6.500000e-01	-6.400000e-01	1.901915e+00	3.317252e+00	2.769453e+00	0.000000e+00	0.000000e+00	0.000000e+00	
-6.400000e-01	-6.300000e-01	0.000000e+00	3.436143e+00	1.777289e+00	0.000000e+00	0.000000e+00	0.000000e+00	
-6.300000e-01	-6.200000e-01	0.000000e+00	3.570898e+00	2.858505e+00	0.000000e+00	0.000000e+00	0.000000e+00	
-6.200000e-01	-6.100000e-01	0.000000e+00	1.459259e+00	3.987067e+00	0.000000e+00	0.000000e+00	0.000000e+00	
-6.100000e-01	-6.000000e-01	0.000000e+00	5.166176e+00	3.266060e+00	0.000000e+00	0.000000e+00	0.000000e+00	
-6.000000e-01	-5.900000e-01	0.000000e+00	1.077392e+00	2.228518e+00	0.000000e+00	0.000000e+00	0.000000e+00	
-5.900000e-01	-5.800000e-01	0.000000e+00	6.883176e-01	3.186909e+00	0.000000e+00	0.000000e+00	0.000000e+00	
-5.800000e-01	-5.700000e-01	0.000000e+00	7.585971e-01	2.430356e+00	0.000000e+00	0.000000e+00	0.000000e+00	
-5.700000e-01	-5.600000e-01	2.856530e+00	2.028971e+00	4.406326e+00	0.000000e+00	0.000000e+00	0.000000e+00	
-5.600000e-01	-5.500000e-01	0.000000e+00	1.109790e+00	3.617225e+00	0.000000e+00	0.000000e+00	0.000000e+00	
-5.500000e-01	-5.400000e-01	0.000000e+00	0.000000e+00	3.583692e+00	0.000000e+00	0.000000e+00	0.000000e+00	
-5.400000e-01	-5.300000e-01	0.000000e+00	0.000000e+00	2.827178e+00	0.000000e+00	0.000000e+00	0.000000e+00	
-5.300000e-01	-5.200000e-01	0.000000e+00	0.000000e+00	0.000000e+00	0.000000e+00	0.000000e+00	0.000000e+00	
-5.200000e-01	-5.100000e-01	0.000000e+00	1.460950e+00	6.194859e+00	0.000000e+00	0.000000e+00	0.000000e+00	
-5.100000e-01	-5.000000e-01	0.000000e+00	0.000000e+00	8.344568e+00	0.000000e+00	0.000000e+00	0.000000e+00	
-5.000000e-01	-4.900000e-01	0.000000e+00	0.000000e+00	8.353890e-01	0.000000e+00	0.000000e+00	0.000000e+00	
-4.900000e-01	-4.800000e-01	3.790672e+00	1.901915e+00	9.191815e-01	0.000000e+00	0.000000e+00	0.000000e+00	
-4.800000e-01	-4.700000e-01	0.000000e+00	2.856530e+00	0.000000e+00	0.000000e+00	0.000000e+00	0.000000e+00	
-4.700000e-01	-4.600000e-01	0.000000e+00	0.000000e+00	0.000000e+00	0.000000e+00	0.000000e+00	0.000000e+00	
-4.600000e-01	-4.500000e-01	0.000000e+00	0.000000e+00	2.219579e+00	0.000000e+00	0.000000e+00	0.000000e+00	
-4.500000e-01	-4.400000e-01	0.000000e+00	0.000000e+00	0.000000e+00	0.000000e+00	0.000000e+00	0.000000e+00	
-4.400000e-01	-4.300000e-01	0.000000e+00	0.000000e+00	0.000000e+00	0.000000e+00	0.000000e+00	0.000000e+00	
-4.300000e-01	-4.200000e-01	0.000000e+00	0.000000e+00	0.000000e+00	0.000000e+00	0.000000e+00	0.000000e+00	
-4.200000e-01	-4.100000e-01	0.000000e+00	0.000000e+00	1.460950e+00	0.000000e+00	0.000000e+00	0.000000e+00	
-4.100000e-01	-4.000000e-01	0.000000e+00	0.000000e+00	0.000000e+00	0.000000e+00	0.000000e+00	0.000000e+00	
-4.000000e-01	-3.900000e-01	0.000000e+00	0.000000e+00	0.000000e+00	0.000000e+00	0.000000e+00	0.000000e+00	
-3.900000e-01	-3.800000e-01	0.000000e+00	0.000000e+00	0.000000e+00	0.000000e+00	0.000000e+00	0.000000e+00	
-3.800000e-01	-3.700000e-01	0.000000e+00	0.000000e+00	1.901915e+00	0.000000e+00	0.000000e+00	0.000000e+00	
-3.700000e-01	-3.600000e-01	0.000000e+00	0.000000e+00	0.000000e+00	0.000000e+00	0.000000e+00	0.000000e+00	
-3.600000e-01	-3.500000e-01	0.000000e+00	0.000000e+00	0.000000e+00	0.000000e+00	0.000000e+00	0.000000e+00	
-3.500000e-01	-3.400000e-01	0.000000e+00	0.000000e+00	0.000000e+00	0.000000e+00	0.000000e+00	0.000000e+00	
-3.400000e-01	-3.300000e-01	0.000000e+00	0.000000e+00	0.000000e+00	0.000000e+00	0.000000e+00	0.000000e+00	
-3.300000e-01	-3.200000e-01	0.000000e+00	0.000000e+00	0.000000e+00	0.000000e+00	0.000000e+00	0.000000e+00	
-3.200000e-01	-3.100000e-01	0.000000e+00	0.000000e+00	0.000000e+00	0.000000e+00	0.000000e+00	0.000000e+00	
-3.100000e-01	-3.000000e-01	0.000000e+00	3.790672e+00	0.000000e+00	0.000000e+00	0.000000e+00	0.000000e+00	
-3.000000e-01	-2.900000e-01	0.000000e+00	0.000000e+00	2.856530e+00	0.000000e+00	0.000000e+00	0.000000e+00	
-2.900000e-01	-2.800000e-01	0.000000e+00	0.000000e+00	0.000000e+00	0.000000e+00	0.000000e+00	0.000000e+00	
-2.800000e-01	-2.700000e-01	0.000000e+00	0.000000e+00	0.000000e+00	0.000000e+00	0.000000e+00	0.000000e+00	
-2.700000e-01	-2.600000e-01	0.000000e+00	0.000000e+00	0.000000e+00	0.000000e+00	0.000000e+00	0.000000e+00	
-2.600000e-01	-2.500000e-01	0.000000e+00	0.000000e+00	0.000000e+00	0.000000e+00	0.000000e+00	0.000000e+00	
-2.500000e-01	-2.400000e-01	0.000000e+00	0.000000e+00	0.000000e+00	0.000000e+00	0.000000e+00	0.000000e+00	
-2.400000e-01	-2.300000e-01	0.000000e+00	0.000000e+00	0.000000e+00	0.000000e+00	0.000000e+00	0.000000e+00	
-2.300000e-01	-2.200000e-01	0.000000e+00	0.000000e+00	0.000000e+00	0.000000e+00	0.000000e+00	0.000000e+00	
-2.200000e-01	-2.100000e-01	0.000000e+00	0.000000e+00	3.790672e+00	0.000000e+00	0.000000e+00	0.000000e+00	
-2.100000e-01	-2.000000e-01	0.000000e+00	0.000000e+00	0.000000e+00	0.000000e+00	0.000000e+00	0.000000e+00	
-2.000000e-01	-1.900000e-01	0.000000e+00	0.000000e+00	0.000000e+00	0.000000e+00	0.000000e+00	0.000000e+00	
-1.900000e-01	-1.800000e-01	0.000000e+00	0.000000e+00	0.000000e+00	9.172197e-01	0.000000e+00	0.000000e+00	
-1.800000e-01	-1.700000e-01	0.000000e+00	0.000000e+00	0.000000e+00	2.038266e-01	0.000000e+00	0.000000e+00	
-1.700000e-01	-1.600000e-01	0.000000e+00	0.000000e+00	0.000000e+00	1.019133e-01	0.000000e+00	0.000000e+00	
-1.600000e-01	-1.500000e-01	0.000000e+00	0.000000e+00	0.000000e+00	2.038266e-01	0.000000e+00	0.000000e+00	
-1.500000e-01	-1.400000e-01	0.000000e+00	0.000000e+00	0.000000e+00	1.019133e-01	0.000000e+00	0.000000e+00	
-1.400000e-01	-1.300000e-01	0.000000e+00	0.000000e+00	0.000000e+00	2.038266e-01	0.000000e+00	0.000000e+00	
-1.300000e-01	-1.200000e-01	0.000000e+00	0.000000e+00	0.000000e+00	2.038266e-01	0.000000e+00	0.000000e+00	
-1.200000e-01	-1.100000e-01	0.000000e+00	0.000000e+00	0.000000e+00	1.019133e-01	0.000000e+00	0.000000e+00	
-1.100000e-01	-1.000000e-01	0.000000e+00	0.000000e+00	0.000000e+00	2.038266e-01	0.000000e+00	0.000000e+00	
-1.000000e-01	-9.000000e-02	0.000000e+00	0.000000e+00	0.000000e+00	2.038266e-01	0.000000e+00	0.000000e+00	
-9.000000e-02	-8.000000e-02	0.000000e+00	0.000000e+00	0.000000e+00	3.057399e-01	0.000000e+00	0.000000e+00	
-8.000000e-02	-7.000000e-02	0.000000e+00	0.000000e+00	0.000000e+00	2.038266e-01	0.000000e+00	0.000000e+00	
-7.000000e-02	-6.000000e-02	0.000000e+00	0.000000e+00	0.000000e+00	2.038266e-01	0.000000e+00	0.000000e+00	
-6.000000e-02	-5.000000e-02	0.000000e+00	0.000000e+00	0.000000e+00	3.057399e-01	0.000000e+00	0.000000e+00	
-5.000000e-02	-4.000000e-02	0.000000e+00	0.000000e+00	0.000000e+00	3.057399e-01	0.000000e+00	0.000000e+00	
-4.000000e-02	-3.000000e-02	0.000000e+00	0.000000e+00	0.000000e+00	3.057399e-01	0.000000e+00	0.000000e+00	
-3.000000e-02	-2.000000e-02	0.000000e+00	0.000000e+00	0.000000e+00	3.057399e-01	0.000000e+00	0.000000e+00	
-2.000000e-02	-1.000000e-02	0.000000e+00	0.000000e+00	0.000000e+00	4.076532e-01	0.000000e+00	0.000000e+00	
-1.000000e-02	0.000000e+00	0.000000e+00	0.000000e+00	0.000000e+00	4.076532e-01	0.000000e+00	0.000000e+00	
0.000000e+00	1.000000e-02	0.000000e+00	0.000000e+00	0.000000e+00	7.608019e-01	0.000000e+00	0.000000e+00	
1.000000e-02	2.000000e-02	0.000000e+00	0.000000e+00	0.000000e+00	4.076532e-01	0.000000e+00	1.375262e+00	
2.000000e-02	3.000000e-02	0.000000e+00	0.000000e+00	0.000000e+00	4.076532e-01	0.000000e+00	2.947913e+00	
3.000000e-02	4.000000e-02	0.000000e+00	0.000000e+00	0.000000e+00	5.914647e-01	0.000000e+00	4.266448e+00	
4.000000e-02	5.000000e-02	0.000000e+00	0.000000e+00	0.000000e+00	1.019133e-01	0.000000e+00	5.348251e+00	
5.000000e-02	6.000000e-02	0.000000e+00	0.000000e+00	0.000000e+00	2.344006e+00	0.000000e+00	5.407955e+00	
6.000000e-02	7.000000e-02	0.000000e+00	0.000000e+00	0.000000e+00	2.140985e+00	0.000000e+00	6.231986e+00	
7.000000e-02	8.000000e-02	0.000000e+00	0.000000e+00	0.000000e+00	2.090028e+00	0.000000e+00	5.373289e+00	
8.000000e-02	9.000000e-02	0.000000e+00	0.000000e+00	0.000000e+00	2.420911e+00	0.000000e+00	5.620529e+00	
9.000000e-02	1.000000e-01	0.000000e+00	0.000000e+00	0.000000e+00	5.279217e+00	0.000000e+00	1.023414e+01	
1.000000e-01	1.100000e-01	0.000000e+00	0.000000e+00	0.000000e+00	3.954335e+00	0.000000e+00	1.105766e+01	
1.100000e-01	1.200000e-01	0.000000e+00	0.000000e+00	0.000000e+00	6.766361e+00	0.000000e+00	4.351215e+00	
1.200000e-01	1.300000e-01	0.000000e+00	0.000000e+00	0.000000e+00	9.681764e-01	0.000000e+00	2.391656e+00	
1.300000e-01	1.400000e-01	0.000000e+00	0.000000e+00	0.000000e+00	3.126560e+00	0.000000e+00	2.166439e+00	
1.400000e-01	1.500000e-01	0.000000e+00	0.000000e+00	0.000000e+00	2.622406e+00	0.000000e+00	3.067853e+00	
1.500000e-01	1.600000e-01	0.000000e+00	0.000000e+00	0.000000e+00	4.364570e+00	0.000000e+00	6.113599e+00	
1.600000e-01	1.700000e-01	0.000000e+00	0.000000e+00	0.000000e+00	1.162113e+01	0.000000e+00	3.440937e+00	
1.700000e-01	1.800000e-01	0.000000e+00	0.000000e+00	0.000000e+00	9.288455e+00	0.000000e+00	4.345701e+00	
1.800000e-01	1.900000e-01	0.000000e+00	0.000000e+00	0.000000e+00	6.535949e+00	0.000000e+00	2.420911e+00	
1.900000e-01	2.000000e-01	0.000000e+00	0.000000e+00	0.000000e+00	4.152690e+00	0.000000e+00	3.466664e+00	
2.000000e-01	2.100000e-01	0.000000e+00	0.000000e+00	0.000000e+00	8.291284e+00	0.000000e+00	7.643498e-01	
2.100000e-01	2.200000e-01	0.000000e+00	0.000000e+00	0.000000e+00	5.561449e+00	0.000000e+00	2.140179e+00	
2.200000e-01	2.300000e-01	0.000000e+00	0.000000e+00	0.000000e+00	3.566110e+00	0.000000e+00	3.876381e-01	
2.300000e-01	2.400000e-01	0.000000e+00	0.000000e+00	0.000000e+00	4.309237e+00	0.000000e+00	4.076532e-01	
2.400000e-01	2.500000e-01	0.000000e+00	0.000000e+00	0.000000e+00	2.245376e+00	0.000000e+00	4.076532e-01	
2.500000e-01	2.600000e-01	0.000000e+00	0.000000e+00	0.000000e+00	8.836968e-01	0.000000e+00	7.608019e-01	
2.600000e-01	2.700000e-01	0.000000e+00	0.000000e+00	0.000000e+00	0.000000e+00	1.000000e+02	4.076532e-01	
2.700000e-01	2.800000e-01	0.000000e+00	0.000000e+00	0.000000e+00	0.000000e+00	0.000000e+00	4.076532e-01	
2.800000e-01	2.900000e-01	0.000000e+00	0.000000e+00	0.000000e+00	0.000000e+00	0.000000e+00	4.076532e-01	
2.900000e-01	3.000000e-01	0.000000e+00	0.000000e+00	0.000000e+00	0.000000e+00	0.000000e+00	3.057399e-01	
3.000000e-01	3.100000e-01	0.000000e+00	0.000000e+00	0.000000e+00	0.000000e+00	0.000000e+00	3.057399e-01	
3.100000e-01	3.200000e-01	0.000000e+00	0.000000e+00	0.000000e+00	0.000000e+00	0.000000e+00	3.057399e-01	
3.200000e-01	3.300000e-01	0.000000e+00	0.000000e+00	0.000000e+00	0.000000e+00	0.000000e+00	2.038266e-01	
3.300000e-01	3.400000e-01	0.000000e+00	0.000000e+00	0.000000e+00	0.000000e+00	0.000000e+00	3.057399e-01	
3.400000e-01	3.500000e-01	0.000000e+00	0.000000e+00	0.000000e+00	0.000000e+00	0.000000e+00	2.038266e-01	
3.500000e-01	3.600000e-01	0.000000e+00	0.000000e+00	0.000000e+00	0.000000e+00	0.000000e+00	2.038266e-01	
3.600000e-01	3.700000e-01	0.000000e+00	0.000000e+00	0.000000e+00	0.000000e+00	0.000000e+00	2.038266e-01	
3.700000e-01	3.800000e-01	0.000000e+00	0.000000e+00	0.000000e+00	0.000000e+00	0.000000e+00	2.038266e-01	
3.800000e-01	3.900000e-01	0.000000e+00	0.000000e+00	0.000000e+00	0.000000e+00	0.000000e+00	2.038266e-01	
3.900000e-01	4.000000e-01	0.000000e+00	0.000000e+00	0.000000e+00	0.000000e+00	0.000000e+00	1.019133e-01	
4.000000e-01	4.100000e-01	0.000000e+00	0.000000e+00	0.000000e+00	0.000000e+00	0.000000e+00	2.038266e-01	
4.100000e-01	4.200000e-01	0.000000e+00	0.000000e+00	0.000000e+00	0.000000e+00	0.000000e+00	2.038266e-01	
4.200000e-01	4.300000e-01	0.000000e+00	0.000000e+00	0.000000e+00	0.000000e+00	0.000000e+00	1.019133e-01	
4.300000e-01	4.400000e-01	0.000000e+00	0.000000e+00	0.000000e+00	0.000000e+00	0.000000e+00	2.038266e-01	
4.400000e-01	4.500000e-01	0.000000e+00	0.000000e+00	0.000000e+00	0.000000e+00	0.000000e+00	2.038266e-01	
4.500000e-01	4.600000e-01	0.000000e+00	0.000000e+00	0.000000e+00	0.000000e+00	0.000000e+00	8.153064e-01	
4.600000e-01	4.700000e-01	0.000000e+00	0.000000e+00	0.000000e+00	0.000000e+00	0.000000e+00	0.000000e+00	
4.700000e-01	4.800000e-01	0.000000e+00	0.000000e+00	0.000000e+00	0.000000e+00	0.000000e+00	0.000000e+00	
4.800000e-01	4.900000e-01	0.000000e+00	0.000000e+00	0.000000e+00	0.000000e+00	0.000000e+00	0.000000e+00	
4.900000e-01	5.000000e-01	0.000000e+00	0.000000e+00	0.000000e+00	0.000000e+00	0.000000e+00	0.000000e+00	
5.000000e-01	5.100000e-01	0.000000e+00	0.000000e+00	0.000000e+00	0.000000e+00	0.000000e+00	0.000000e+00	
5.100000e-01	5.200000e-01	0.000000e+00	0.000000e+00	0.000000e+00	0.000000e+00	0.000000e+00	0.000000e+00	
5.200000e-01	5.300000e-01	0.000000e+00	0.000000e+00	0.000000e+00	0.000000e+00	0.000000e+00	0.000000e+00	
5.300000e-01	5.400000e-01	0.000000e+00	0.000000e+00	0.000000e+00	0.000000e+00	0.000000e+00	0.000000e+00	
5.400000e-01	5.500000e-01	0.000000e+00	0.000000e+00	0.000000e+00	0.000000e+00	0.000000e+00	0.000000e+00	
5.500000e-01	5.600000e-01	0.000000e+00	0.000000e+00	0.000000e+00	0.000000e+00	0.000000e+00	0.000000e+00	
5.600000e-01	5.700000e-01	0.000000e+00	0.000000e+00	0.000000e+00	0.000000e+00	0.000000e+00	0.000000e+00	
5.700000e-01	5.800000e-01	0.000000e+00	0.000000e+00	0.000000e+00	0.000000e+00	0.000000e+00	0.000000e+00	
5.800000e-01	5.900000e-01	0.000000e+00	0.000000e+00	0.000000e+00	0.000000e+00	0.000000e+00	0.000000e+00	
5.900000e-01	6.000000e-01	0.000000e+00	0.000000e+00	0.000000e+00	0.000000e+00	0.000000e+00	0.000000e+00	
6.000000e-01	6.100000e-01	0.000000e+00	0.000000e+00	0.000000e+00	0.000000e+00	0.000000e+00	0.000000e+00	
6.100000e-01	6.200000e-01	0.000000e+00	0.000000e+00	0.000000e+00	0.000000e+00	0.000000e+00	0.000000e+00	
6.200000e-01	6.300000e-01	0.000000e+00	0.000000e+00	0.000000e+00	0.000000e+00	0.000000e+00	0.000000e+00	
6.300000e-01	6.400000e-01	0.000000e+00	0.000000e+00	0.000000e+00	0.000000e+00	0.000000e+00	0.000000e+00	
6.400000e-01	6.500000e-01	0.000000e+00	0.000000e+00	0.000000e+00	0.000000e+00	0.000000e+00	0.000000e+00	
6.500000e-01	6.600000e-01	0.000000e+00	0.000000e+00	0.000000e+00	0.000000e+00	0.000000e+00	0.000000e+00	
6.600000e-01	6.700000e-01	0.000000e+00	0.000000e+00	0.000000e+00	0.000000e+00	0.000000e+00	0.000000e+00	
6.700000e-01	6.800000e-01	0.000000e+00	0.000000e+00	0.000000e+00	0.000000e+00	0.000000e+00	0.000000e+00	
6.800000e-01	6.900000e-01	0.000000e+00	0.000000e+00	0.000000e+00	0.000000e+00	0.000000e+00	0.000000e+00	
6.900000e-01	7.000000e-01	0.000000e+00	0.000000e+00	0.000000e+00	0.000000e+00	0.000000e+00	0.000000e+00	
7.000000e-01	7.100000e-01	0.000000e+00	0.000000e+00	0.000000e+00	0.000000e+00	0.000000e+00	0.000000e+00	
7.100000e-01	7.200000e-01	0.000000e+00	0.000000e+00	0.000000e+00	0.000000e+00	0.000000e+00	0.000000e+00	
7.200000e-01	7.300000e-01	0.000000e+00	0.000000e+00	0.000000e+00	0.000000e+00	0.000000e+00	0.000000e+00	
7.300000e-01	7.400000e-01	0.000000e+00	0.000000e+00	0.000000e+00	0.000000e+00	0.000000e+00	0.000000e+00	
7.400000e-01	7.500000e-01	0.000000e+00	0.000000e+00	0.000000e+00	0.000000e+00	0.000000e+00	0.000000e+00	
7.500000e-01	7.600000e-01	0.000000e+00	0.000000e+00	0.000000e+00	0.000000e+00	0.000000e+00	0.000000e+00	
7.600000e-01	7.700000e-01	0.000000e+00	0.000000e+00	0.000000e+00	0.000000e+00	0.000000e+00	0.000000e+00	
7.700000e-01	7.800000e-01	0.000000e+00	0.000000e+00	0.000000e+00	0.000000e+00	0.000000e+00	0.000000e+00	
7.800000e-01	7.900000e-01	0.000000e+00	0.000000e+00	0.000000e+00	0.000000e+00	0.000000e+00	0.000000e+00	
7.900000e-01	8.000000e-01	0.000000e+00	0.000000e+00	0.000000e+00	0.000000e+00	0.000000e+00	0.000000e+00	
8.000000e-01	8.100000e-01	0.000000e+00	0.000000e+00	0.000000e+00	0.000000e+00	0.000000e+00	0.000000e+00	
8.100000e-01	8.200000e-01	0.000000e+00	0.000000e+00	0.000000e+00	0.000000e+00	0.000000e+00	0.000000e+00	
8.200000e-01	8.300000e-01	0.000000e+00	0.000000e+00	0.000000e+00	0.000000e+00	0.000000e+00	0.000000e+00	
8.300000e-01	8.400000e-01	0.000000e+00	0.000000e+00	0.000000e+00	0.000000e+00	0.000000e+00	0.000000e+00	
8.400000e-01	8.500000e-01	0.000000e+00	0.000000e+00	0.000000e+00	0.000000e+00	0.000000e+00	0.000000e+00	
8.500000e-01	8.600000e-01	0.000000e+00	0.000000e+00	0.000000e+00	0.000000e+00	0.000000e+00	0.000000e+00	
8.600000e-01	8.700000e-01	0.000000e+00	0.000000e+00	0.000000e+00	0.000000e+00	0.000000e+00	0.000000e+00	
8.700000e-01	8.800000e-01	0.000000e+00	0.000000e+00	0.000000e+00	0.000000e+00	0.000000e+00	0.000000e+00	
8.800000e-01	8.900000e-01	0.000000e+00	0.000000e+00	0.000000e+00	0.000000e+00	0.000000e+00	0.000000e+00	
8.900000e-01	9.000000e-01	0.000000e+00	0.000000e+00	0.000000e+00	0.000000e+00	0.000000e+00	0.000000e+00	
9.000000e-01	9.100000e-01	0.000000e+00	0.000000e+00	0.000000e+00	0.000000e+00	0.000000e+00	0.000000e+00	
9.100000e-01	9.200000e-01	0.000000e+00	0.000000e+00	0.000000e+00	0.000000e+00	0.000000e+00	0.000000e+00	
9.200000e-01	9.300000e-01	0.000000e+00	0.000000e+00	0.000000e+00	0.000000e+00	0.000000e+00	0.000000e+00	
9.300000e-01	9.400000e-01	0.000000e+00	0.000000e+00	0.000000e+00	0.000000e+00	0.000000e+00	0.000000e+00	
9.400000e-01	9.500000e-01	0.000000e+00	0.000000e+00	0.000000e+00	0.000000e+00	0.000000e+00	0.000000e+00	
9.500000e-01	9.600000e-01	0.000000e+00	0.000000e+00	0.000000e+00	0.000000e+00	0.000000e+00	0.000000e+00	
9.600000e-01	9.700000e-01	0.000000e+00	0.000000e+00	0.000000e+00	0.000000e+00	0.000000e+00	0.000000e+00	
9.700000e-01	9.800000e-01	0.000000e+00	0.000000e+00	0.000000e+00	0.000000e+00	0.000000e+00	0.000000e+00	
9.800000e-01	9.900000e-01	0.000000e+00	0.000000e+00	0.000000e+00	0.000000e+00	0.000000e+00	0.000000e+00	
9.900000e-01	1.000000e+00	0.000000e+00	0.000000e+00	0.000000e+00	0.000000e+00	0.000000e+00	0.000000e+00	
